<?xml version="1.0" encoding="UTF-8"?>
<coverage generated="1523033363044" clover="3.2.0">
  <project timestamp="1523033363044" name="All files">
    <metrics statements="282" coveredstatements="117" conditionals="90" coveredconditionals="8" methods="100" coveredmethods="46" elements="472" coveredelements="171" complexity="0" loc="282" ncloc="282" packages="5" files="41" classes="41">
      <package name="wip-mobile">
        <metrics statements="3" coveredstatements="3" conditionals="0" coveredconditionals="0" methods="0" coveredmethods="0"/>
        <file name="config.js" path="d:\wip-mobile\config.js">
          <metrics statements="1" coveredstatements="1" conditionals="0" coveredconditionals="0" methods="0" coveredmethods="0"/>
          <line num="1" count="7" type="stmt"/>
        </file>
        <file name="enzyme.js" path="d:\wip-mobile\enzyme.js">
          <metrics statements="2" coveredstatements="2" conditionals="0" coveredconditionals="0" methods="0" coveredmethods="0"/>
          <line num="6" count="14" type="stmt"/>
          <line num="7" count="14" type="stmt"/>
        </file>
      </package>
      <package name="wip-mobile.components">
        <metrics statements="128" coveredstatements="62" conditionals="36" coveredconditionals="8" methods="58" coveredmethods="38"/>
        <file name="AddButtonComponent.js" path="d:\wip-mobile\components\AddButtonComponent.js">
          <metrics statements="11" coveredstatements="1" conditionals="8" coveredconditionals="0" methods="2" coveredmethods="1"/>
          <line num="12" count="2" type="stmt"/>
          <line num="16" count="0" type="stmt"/>
          <line num="17" count="0" type="stmt"/>
          <line num="18" count="0" type="stmt"/>
          <line num="19" count="0" type="stmt"/>
          <line num="20" count="0" type="cond" truecount="0" falsecount="6"/>
          <line num="21" count="0" type="stmt"/>
          <line num="22" count="0" type="cond" truecount="0" falsecount="2"/>
          <line num="23" count="0" type="stmt"/>
          <line num="26" count="0" type="stmt"/>
          <line num="32" count="0" type="stmt"/>
        </file>
        <file name="BackButtonComponent.js" path="d:\wip-mobile\components\BackButtonComponent.js">
          <metrics statements="2" coveredstatements="1" conditionals="0" coveredconditionals="0" methods="2" coveredmethods="1"/>
          <line num="10" count="1" type="stmt"/>
          <line num="13" count="0" type="stmt"/>
        </file>
        <file name="CategoryComponent.js" path="d:\wip-mobile\components\CategoryComponent.js">
          <metrics statements="3" coveredstatements="2" conditionals="0" coveredconditionals="0" methods="3" coveredmethods="2"/>
          <line num="11" count="2" type="stmt"/>
          <line num="15" count="2" type="stmt"/>
          <line num="21" count="0" type="stmt"/>
        </file>
        <file name="ConnectAddButtonComponent.js" path="d:\wip-mobile\components\ConnectAddButtonComponent.js">
          <metrics statements="2" coveredstatements="2" conditionals="0" coveredconditionals="0" methods="1" coveredmethods="1"/>
          <line num="6" count="1" type="stmt"/>
          <line num="7" count="1" type="stmt"/>
        </file>
        <file name="ConnectCategoryComponent.js" path="d:\wip-mobile\components\ConnectCategoryComponent.js">
          <metrics statements="4" coveredstatements="4" conditionals="0" coveredconditionals="0" methods="2" coveredmethods="2"/>
          <line num="8" count="1" type="stmt"/>
          <line num="9" count="1" type="stmt"/>
          <line num="14" count="1" type="stmt"/>
          <line num="15" count="1" type="stmt"/>
        </file>
        <file name="ConnectDescriptionInputComponent.js" path="d:\wip-mobile\components\ConnectDescriptionInputComponent.js">
          <metrics statements="4" coveredstatements="4" conditionals="0" coveredconditionals="0" methods="2" coveredmethods="2"/>
          <line num="7" count="1" type="stmt"/>
          <line num="8" count="1" type="stmt"/>
          <line num="13" count="1" type="stmt"/>
          <line num="14" count="1" type="stmt"/>
        </file>
        <file name="ConnectListCardEventComponent.js" path="d:\wip-mobile\components\ConnectListCardEventComponent.js">
          <metrics statements="2" coveredstatements="2" conditionals="0" coveredconditionals="0" methods="1" coveredmethods="1"/>
          <line num="5" count="1" type="stmt"/>
          <line num="6" count="1" type="stmt"/>
        </file>
        <file name="ConnectListCardNotificationComponent.js" path="d:\wip-mobile\components\ConnectListCardNotificationComponent.js">
          <metrics statements="2" coveredstatements="2" conditionals="0" coveredconditionals="0" methods="1" coveredmethods="1"/>
          <line num="5" count="1" type="stmt"/>
          <line num="6" count="1" type="stmt"/>
        </file>
        <file name="ConnectListCardProblemComponent.js" path="d:\wip-mobile\components\ConnectListCardProblemComponent.js">
          <metrics statements="2" coveredstatements="2" conditionals="0" coveredconditionals="0" methods="1" coveredmethods="1"/>
          <line num="5" count="1" type="stmt"/>
          <line num="6" count="1" type="stmt"/>
        </file>
        <file name="ConnectPriorityComponent.js" path="d:\wip-mobile\components\ConnectPriorityComponent.js">
          <metrics statements="4" coveredstatements="4" conditionals="0" coveredconditionals="0" methods="2" coveredmethods="2"/>
          <line num="8" count="1" type="stmt"/>
          <line num="9" count="1" type="stmt"/>
          <line num="14" count="1" type="stmt"/>
          <line num="15" count="1" type="stmt"/>
        </file>
        <file name="ConnectProblemButtonComponent.js" path="d:\wip-mobile\components\ConnectProblemButtonComponent.js">
          <metrics statements="4" coveredstatements="4" conditionals="0" coveredconditionals="0" methods="2" coveredmethods="2"/>
          <line num="7" count="1" type="stmt"/>
          <line num="8" count="1" type="stmt"/>
          <line num="13" count="1" type="stmt"/>
          <line num="14" count="1" type="stmt"/>
        </file>
        <file name="ConnectTopicInputComponent.js" path="d:\wip-mobile\components\ConnectTopicInputComponent.js">
          <metrics statements="4" coveredstatements="4" conditionals="0" coveredconditionals="0" methods="2" coveredmethods="2"/>
          <line num="7" count="1" type="stmt"/>
          <line num="8" count="1" type="stmt"/>
          <line num="13" count="1" type="stmt"/>
          <line num="14" count="1" type="stmt"/>
        </file>
        <file name="DescriptionInputComponent.js" path="d:\wip-mobile\components\DescriptionInputComponent.js">
          <metrics statements="2" coveredstatements="1" conditionals="0" coveredconditionals="0" methods="2" coveredmethods="1"/>
          <line num="10" count="2" type="stmt"/>
          <line num="18" count="0" type="stmt"/>
        </file>
        <file name="EventCardComponent.js" path="d:\wip-mobile\components\EventCardComponent.js">
          <metrics statements="15" coveredstatements="0" conditionals="4" coveredconditionals="0" methods="4" coveredmethods="0"/>
          <line num="11" count="0" type="stmt"/>
          <line num="13" count="0" type="stmt"/>
          <line num="110" count="0" type="stmt"/>
          <line num="113" count="0" type="stmt"/>
          <line num="117" count="0" type="stmt"/>
          <line num="120" count="0" type="stmt"/>
          <line num="123" count="0" type="stmt"/>
          <line num="124" count="0" type="stmt"/>
          <line num="125" count="0" type="stmt"/>
          <line num="126" count="0" type="stmt"/>
          <line num="127" count="0" type="cond" truecount="0" falsecount="2"/>
          <line num="128" count="0" type="stmt"/>
          <line num="130" count="0" type="cond" truecount="0" falsecount="2"/>
          <line num="131" count="0" type="stmt"/>
          <line num="133" count="0" type="stmt"/>
        </file>
        <file name="ListCardEventComponent.js" path="d:\wip-mobile\components\ListCardEventComponent.js">
          <metrics statements="10" coveredstatements="3" conditionals="0" coveredconditionals="0" methods="6" coveredmethods="2"/>
          <line num="8" count="1" type="stmt"/>
          <line num="9" count="1" type="stmt"/>
          <line num="15" count="0" type="stmt"/>
          <line num="16" count="0" type="stmt"/>
          <line num="17" count="0" type="stmt"/>
          <line num="19" count="0" type="stmt"/>
          <line num="20" count="0" type="stmt"/>
          <line num="26" count="1" type="stmt"/>
          <line num="29" count="0" type="stmt"/>
          <line num="31" count="0" type="stmt"/>
        </file>
        <file name="ListCardNotificationComponent.js" path="d:\wip-mobile\components\ListCardNotificationComponent.js">
          <metrics statements="3" coveredstatements="3" conditionals="0" coveredconditionals="0" methods="3" coveredmethods="3"/>
          <line num="8" count="1" type="stmt"/>
          <line num="11" count="2" type="stmt"/>
          <line num="13" count="2" type="stmt"/>
        </file>
        <file name="ListCardProblemComponent.js" path="d:\wip-mobile\components\ListCardProblemComponent.js">
          <metrics statements="4" coveredstatements="4" conditionals="4" coveredconditionals="3" methods="3" coveredmethods="3"/>
          <line num="8" count="1" type="stmt"/>
          <line num="11" count="2" type="stmt"/>
          <line num="13" count="2" type="cond" truecount="3" falsecount="1"/>
          <line num="14" count="2" type="stmt"/>
        </file>
        <file name="NotificationCardComponent.js" path="d:\wip-mobile\components\NotificationCardComponent.js">
          <metrics statements="13" coveredstatements="5" conditionals="4" coveredconditionals="0" methods="5" coveredmethods="3"/>
          <line num="15" count="1" type="stmt"/>
          <line num="39" count="2" type="stmt"/>
          <line num="40" count="2" type="stmt"/>
          <line num="48" count="2" type="stmt"/>
          <line num="49" count="0" type="stmt"/>
          <line num="50" count="0" type="cond" truecount="0" falsecount="2"/>
          <line num="51" count="0" type="stmt"/>
          <line num="55" count="0" type="cond" truecount="0" falsecount="2"/>
          <line num="56" count="0" type="stmt"/>
          <line num="57" count="0" type="stmt"/>
          <line num="62" count="0" type="stmt"/>
          <line num="71" count="2" type="stmt"/>
          <line num="80" count="0" type="stmt"/>
        </file>
        <file name="PriorityComponent.js" path="d:\wip-mobile\components\PriorityComponent.js">
          <metrics statements="7" coveredstatements="2" conditionals="2" coveredconditionals="1" methods="4" coveredmethods="2"/>
          <line num="13" count="1" type="cond" truecount="1" falsecount="1"/>
          <line num="14" count="0" type="stmt"/>
          <line num="15" count="0" type="stmt"/>
          <line num="16" count="0" type="stmt"/>
          <line num="20" count="0" type="stmt"/>
          <line num="26" count="1" type="stmt"/>
          <line num="32" count="0" type="stmt"/>
        </file>
        <file name="ProblemButtonComponent.js" path="d:\wip-mobile\components\ProblemButtonComponent.js">
          <metrics statements="16" coveredstatements="5" conditionals="10" coveredconditionals="3" methods="3" coveredmethods="2"/>
          <line num="13" count="1" type="stmt"/>
          <line num="17" count="0" type="stmt"/>
          <line num="21" count="0" type="cond" truecount="0" falsecount="2"/>
          <line num="22" count="0" type="stmt"/>
          <line num="25" count="0" type="stmt"/>
          <line num="27" count="0" type="stmt"/>
          <line num="28" count="0" type="cond" truecount="0" falsecount="2"/>
          <line num="29" count="0" type="stmt"/>
          <line num="30" count="0" type="stmt"/>
          <line num="32" count="0" type="stmt"/>
          <line num="52" count="1" type="stmt"/>
          <line num="56" count="1" type="cond" truecount="1" falsecount="1"/>
          <line num="57" count="0" type="stmt"/>
          <line num="59" count="1" type="cond" truecount="1" falsecount="1"/>
          <line num="60" count="0" type="stmt"/>
          <line num="63" count="1" type="stmt"/>
        </file>
        <file name="ProblemCardComponent.js" path="d:\wip-mobile\components\ProblemCardComponent.js">
          <metrics statements="12" coveredstatements="6" conditionals="4" coveredconditionals="1" methods="5" coveredmethods="3"/>
          <line num="16" count="2" type="stmt"/>
          <line num="17" count="2" type="stmt"/>
          <line num="27" count="2" type="stmt"/>
          <line num="28" count="2" type="stmt"/>
          <line num="29" count="2" type="stmt"/>
          <line num="32" count="0" type="stmt"/>
          <line num="34" count="0" type="stmt"/>
          <line num="36" count="0" type="stmt"/>
          <line num="37" count="0" type="cond" truecount="0" falsecount="2"/>
          <line num="38" count="0" type="stmt"/>
          <line num="45" count="2" type="stmt"/>
          <line num="54" count="0" type="stmt"/>
        </file>
        <file name="TopicInputComponent.js" path="d:\wip-mobile\components\TopicInputComponent.js">
          <metrics statements="2" coveredstatements="1" conditionals="0" coveredconditionals="0" methods="2" coveredmethods="1"/>
          <line num="11" count="1" type="stmt"/>
          <line num="19" count="0" type="stmt"/>
        </file>
      </package>
      <package name="wip-mobile.ducks">
        <metrics statements="63" coveredstatements="30" conditionals="27" coveredconditionals="0" methods="23" coveredmethods="4"/>
        <file name="CategoryProblem.js" path="d:\wip-mobile\ducks\CategoryProblem.js">
          <metrics statements="8" coveredstatements="4" conditionals="4" coveredconditionals="0" methods="3" coveredmethods="1"/>
          <line num="3" count="1" type="stmt"/>
          <line num="4" count="1" type="stmt"/>
          <line num="7" count="0" type="cond" truecount="0" falsecount="3"/>
          <line num="9" count="0" type="stmt"/>
          <line num="16" count="0" type="stmt"/>
          <line num="20" count="0" type="stmt"/>
          <line num="24" count="1" type="stmt"/>
          <line num="29" count="1" type="stmt"/>
        </file>
        <file name="InitState.js" path="d:\wip-mobile\ducks\InitState.js">
          <metrics statements="6" coveredstatements="3" conditionals="3" coveredconditionals="0" methods="2" coveredmethods="0"/>
          <line num="1" count="6" type="stmt"/>
          <line num="16" count="6" type="stmt"/>
          <line num="19" count="0" type="cond" truecount="0" falsecount="2"/>
          <line num="21" count="0" type="stmt"/>
          <line num="23" count="0" type="stmt"/>
          <line num="27" count="6" type="stmt"/>
        </file>
        <file name="NewProblem.js" path="d:\wip-mobile\ducks\NewProblem.js">
          <metrics statements="17" coveredstatements="10" conditionals="7" coveredconditionals="0" methods="6" coveredmethods="1"/>
          <line num="3" count="5" type="stmt"/>
          <line num="4" count="5" type="stmt"/>
          <line num="5" count="5" type="stmt"/>
          <line num="6" count="5" type="stmt"/>
          <line num="7" count="5" type="stmt"/>
          <line num="10" count="0" type="cond" truecount="0" falsecount="6"/>
          <line num="12" count="0" type="stmt"/>
          <line num="19" count="0" type="stmt"/>
          <line num="26" count="0" type="stmt"/>
          <line num="33" count="0" type="stmt"/>
          <line num="40" count="0" type="stmt"/>
          <line num="47" count="0" type="stmt"/>
          <line num="51" count="5" type="stmt"/>
          <line num="56" count="5" type="stmt"/>
          <line num="61" count="5" type="stmt"/>
          <line num="66" count="5" type="stmt"/>
          <line num="71" count="5" type="stmt"/>
        </file>
        <file name="Priority.js" path="d:\wip-mobile\ducks\Priority.js">
          <metrics statements="5" coveredstatements="2" conditionals="3" coveredconditionals="0" methods="2" coveredmethods="0"/>
          <line num="3" count="1" type="stmt"/>
          <line num="6" count="0" type="cond" truecount="0" falsecount="2"/>
          <line num="8" count="0" type="stmt"/>
          <line num="15" count="0" type="stmt"/>
          <line num="19" count="1" type="stmt"/>
        </file>
        <file name="ProblemTypeAPI.js" path="d:\wip-mobile\ducks\ProblemTypeAPI.js">
          <metrics statements="6" coveredstatements="3" conditionals="0" coveredconditionals="0" methods="3" coveredmethods="2"/>
          <line num="5" count="1" type="stmt"/>
          <line num="6" count="1" type="stmt"/>
          <line num="7" count="1" type="stmt"/>
          <line num="8" count="0" type="stmt"/>
          <line num="9" count="0" type="stmt"/>
          <line num="13" count="0" type="stmt"/>
        </file>
        <file name="ReportProblem.js" path="d:\wip-mobile\ducks\ReportProblem.js">
          <metrics statements="21" coveredstatements="8" conditionals="10" coveredconditionals="0" methods="7" coveredmethods="0"/>
          <line num="3" count="1" type="stmt"/>
          <line num="4" count="1" type="stmt"/>
          <line num="5" count="1" type="stmt"/>
          <line num="6" count="1" type="stmt"/>
          <line num="9" count="0" type="cond" truecount="0" falsecount="5"/>
          <line num="11" count="0" type="stmt"/>
          <line num="18" count="0" type="stmt"/>
          <line num="20" count="0" type="stmt"/>
          <line num="21" count="0" type="cond" truecount="0" falsecount="2"/>
          <line num="22" count="0" type="stmt"/>
          <line num="24" count="0" type="stmt"/>
          <line num="28" count="0" type="stmt"/>
          <line num="30" count="0" type="cond" truecount="0" falsecount="2"/>
          <line num="31" count="0" type="stmt"/>
          <line num="33" count="0" type="stmt"/>
          <line num="37" count="0" type="stmt"/>
          <line num="41" count="0" type="stmt"/>
          <line num="45" count="1" type="stmt"/>
          <line num="50" count="1" type="stmt"/>
          <line num="54" count="1" type="stmt"/>
          <line num="59" count="1" type="stmt"/>
        </file>
      </package>
      <package name="wip-mobile.styles">
        <metrics statements="11" coveredstatements="11" conditionals="0" coveredconditionals="0" methods="0" coveredmethods="0"/>
        <file name="ColorStyle.js" path="d:\wip-mobile\styles\ColorStyle.js">
          <metrics statements="1" coveredstatements="1" conditionals="0" coveredconditionals="0" methods="0" coveredmethods="0"/>
          <line num="3" count="13" type="stmt"/>
        </file>
        <file name="ComponentStyle.js" path="d:\wip-mobile\styles\ComponentStyle.js">
          <metrics statements="3" coveredstatements="3" conditionals="0" coveredconditionals="0" methods="0" coveredmethods="0"/>
          <line num="3" count="2" type="stmt"/>
          <line num="4" count="2" type="stmt"/>
          <line num="6" count="2" type="stmt"/>
        </file>
        <file name="ImageStyle.js" path="d:\wip-mobile\styles\ImageStyle.js">
          <metrics statements="3" coveredstatements="3" conditionals="0" coveredconditionals="0" methods="0" coveredmethods="0"/>
          <line num="3" count="2" type="stmt"/>
          <line num="4" count="2" type="stmt"/>
          <line num="6" count="2" type="stmt"/>
        </file>
        <file name="LayoutStyle.js" path="d:\wip-mobile\styles\LayoutStyle.js">
          <metrics statements="3" coveredstatements="3" conditionals="0" coveredconditionals="0" methods="0" coveredmethods="0"/>
          <line num="3" count="13" type="stmt"/>
          <line num="4" count="13" type="stmt"/>
          <line num="6" count="13" type="stmt"/>
        </file>
        <file name="TextStyles.js" path="d:\wip-mobile\styles\TextStyles.js">
          <metrics statements="1" coveredstatements="1" conditionals="0" coveredconditionals="0" methods="0" coveredmethods="0"/>
          <line num="3" count="5" type="stmt"/>
        </file>
      </package>
      <package name="wip-mobile.utils">
        <metrics statements="77" coveredstatements="11" conditionals="27" coveredconditionals="0" methods="19" coveredmethods="4"/>
        <file name="api.js" path="d:\wip-mobile\utils\api.js">
          <metrics statements="7" coveredstatements="5" conditionals="7" coveredconditionals="0" methods="6" coveredmethods="2"/>
          <line num="5" count="7" type="stmt"/>
          <line num="6" count="1" type="stmt"/>
          <line num="12" count="7" type="cond" truecount="0" falsecount="2"/>
          <line num="14" count="7" type="stmt"/>
          <line num="21" count="1" type="stmt"/>
          <line num="27" count="0" type="stmt"/>
          <line num="37" count="0" type="stmt"/>
        </file>
        <file name="apiAssign.js" path="d:\wip-mobile\utils\apiAssign.js">
          <metrics statements="24" coveredstatements="0" conditionals="8" coveredconditionals="0" methods="4" coveredmethods="0"/>
          <line num="6" count="0" type="stmt"/>
          <line num="7" count="0" type="stmt"/>
          <line num="10" count="0" type="cond" truecount="0" falsecount="2"/>
          <line num="11" count="0" type="stmt"/>
          <line num="12" count="0" type="stmt"/>
          <line num="15" count="0" type="stmt"/>
          <line num="20" count="0" type="stmt"/>
          <line num="21" count="0" type="stmt"/>
          <line num="24" count="0" type="cond" truecount="0" falsecount="2"/>
          <line num="25" count="0" type="stmt"/>
          <line num="26" count="0" type="stmt"/>
          <line num="29" count="0" type="stmt"/>
          <line num="34" count="0" type="stmt"/>
          <line num="35" count="0" type="stmt"/>
          <line num="38" count="0" type="cond" truecount="0" falsecount="2"/>
          <line num="39" count="0" type="stmt"/>
          <line num="40" count="0" type="stmt"/>
          <line num="43" count="0" type="stmt"/>
          <line num="48" count="0" type="stmt"/>
          <line num="49" count="0" type="stmt"/>
          <line num="52" count="0" type="cond" truecount="0" falsecount="2"/>
          <line num="53" count="0" type="stmt"/>
          <line num="54" count="0" type="stmt"/>
          <line num="57" count="0" type="stmt"/>
        </file>
        <file name="apiAuth.js" path="d:\wip-mobile\utils\apiAuth.js">
          <metrics statements="10" coveredstatements="4" conditionals="0" coveredconditionals="0" methods="3" coveredmethods="1"/>
          <line num="5" count="7" type="stmt"/>
          <line num="6" count="0" type="stmt"/>
          <line num="10" count="0" type="stmt"/>
          <line num="11" count="0" type="stmt"/>
          <line num="14" count="7" type="stmt"/>
          <line num="15" count="0" type="stmt"/>
          <line num="16" count="0" type="stmt"/>
          <line num="17" count="0" type="stmt"/>
          <line num="20" count="7" type="stmt"/>
          <line num="21" count="1" type="stmt"/>
        </file>
        <file name="apiPriority.js" path="d:\wip-mobile\utils\apiPriority.js">
          <metrics statements="6" coveredstatements="0" conditionals="2" coveredconditionals="0" methods="1" coveredmethods="0"/>
          <line num="6" count="0" type="stmt"/>
          <line num="7" count="0" type="stmt"/>
          <line num="10" count="0" type="cond" truecount="0" falsecount="2"/>
          <line num="11" count="0" type="stmt"/>
          <line num="12" count="0" type="stmt"/>
          <line num="15" count="0" type="stmt"/>
        </file>
        <file name="apiProblem.js" path="d:\wip-mobile\utils\apiProblem.js">
          <metrics statements="24" coveredstatements="0" conditionals="8" coveredconditionals="0" methods="4" coveredmethods="0"/>
          <line num="6" count="0" type="stmt"/>
          <line num="7" count="0" type="stmt"/>
          <line num="10" count="0" type="cond" truecount="0" falsecount="2"/>
          <line num="11" count="0" type="stmt"/>
          <line num="12" count="0" type="stmt"/>
          <line num="15" count="0" type="stmt"/>
          <line num="20" count="0" type="stmt"/>
          <line num="21" count="0" type="stmt"/>
          <line num="24" count="0" type="cond" truecount="0" falsecount="2"/>
          <line num="25" count="0" type="stmt"/>
          <line num="26" count="0" type="stmt"/>
          <line num="29" count="0" type="stmt"/>
          <line num="34" count="0" type="stmt"/>
          <line num="35" count="0" type="stmt"/>
          <line num="38" count="0" type="cond" truecount="0" falsecount="2"/>
          <line num="39" count="0" type="stmt"/>
          <line num="40" count="0" type="stmt"/>
          <line num="43" count="0" type="stmt"/>
          <line num="48" count="0" type="stmt"/>
          <line num="49" count="0" type="stmt"/>
          <line num="51" count="0" type="cond" truecount="0" falsecount="2"/>
          <line num="52" count="0" type="stmt"/>
          <line num="53" count="0" type="stmt"/>
          <line num="56" count="0" type="stmt"/>
        </file>
        <file name="apiProblemType.js" path="d:\wip-mobile\utils\apiProblemType.js">
          <metrics statements="6" coveredstatements="2" conditionals="2" coveredconditionals="0" methods="1" coveredmethods="1"/>
          <line num="6" count="1" type="stmt"/>
          <line num="7" count="1" type="stmt"/>
          <line num="10" count="0" type="cond" truecount="0" falsecount="2"/>
          <line num="11" count="0" type="stmt"/>
          <line num="12" count="0" type="stmt"/>
          <line num="15" count="0" type="stmt"/>
        </file>
      </package>
    </metrics>
  </project>
</coverage>
