{"d:\\wip-mobile\\config.js": {"path":"d:\\wip-mobile\\config.js","statementMap":{"0":{"start":{"line":1,"column":12},"end":{"line":4,"column":1}}},"fnMap":{},"branchMap":{},"s":{"0":7},"f":{},"b":{},"_coverageSchema":"332fd63041d2c1bcb487cc26dd0d5f7d97098a6c","hash":"c7c86467d4ccf6150466b7f3d0a83adc45c2a09e"}
,"d:\\wip-mobile\\enzyme.js": {"path":"d:\\wip-mobile\\enzyme.js","statementMap":{"0":{"start":{"line":6,"column":0},"end":{"line":6,"column":37}},"1":{"start":{"line":7,"column":0},"end":{"line":7,"column":9}}},"fnMap":{},"branchMap":{},"s":{"0":14,"1":14},"f":{},"b":{},"_coverageSchema":"332fd63041d2c1bcb487cc26dd0d5f7d97098a6c","hash":"21bd86747252dd2f5643ddef15cad799ab503635"}
,"d:\\wip-mobile\\components\\AddButtonComponent.js": {"path":"d:\\wip-mobile\\components\\AddButtonComponent.js","statementMap":{"0":{"start":{"line":12,"column":8},"end":{"line":41,"column":9}},"1":{"start":{"line":16,"column":32},"end":{"line":16,"column":59}},"2":{"start":{"line":17,"column":42},"end":{"line":17,"column":79}},"3":{"start":{"line":18,"column":38},"end":{"line":18,"column":71}},"4":{"start":{"line":19,"column":38},"end":{"line":19,"column":71}},"5":{"start":{"line":20,"column":20},"end":{"line":36,"column":21}},"6":{"start":{"line":21,"column":37},"end":{"line":21,"column":77}},"7":{"start":{"line":22,"column":24},"end":{"line":29,"column":25}},"8":{"start":{"line":23,"column":28},"end":{"line":23,"column":66}},"9":{"start":{"line":26,"column":28},"end":{"line":28,"column":29}},"10":{"start":{"line":32,"column":24},"end":{"line":35,"column":25}}},"fnMap":{"0":{"name":"(anonymous_0)","decl":{"start":{"line":11,"column":4},"end":{"line":11,"column":5}},"loc":{"start":{"line":11,"column":13},"end":{"line":42,"column":5}},"line":11},"1":{"name":"(anonymous_1)","decl":{"start":{"line":15,"column":25},"end":{"line":15,"column":26}},"loc":{"start":{"line":15,"column":37},"end":{"line":37,"column":17}},"line":15}},"branchMap":{"0":{"loc":{"start":{"line":20,"column":20},"end":{"line":36,"column":21}},"type":"if","locations":[{"start":{"line":20,"column":20},"end":{"line":36,"column":21}},{"start":{"line":20,"column":20},"end":{"line":36,"column":21}}],"line":20},"1":{"loc":{"start":{"line":20,"column":24},"end":{"line":20,"column":100}},"type":"binary-expr","locations":[{"start":{"line":20,"column":24},"end":{"line":20,"column":35}},{"start":{"line":20,"column":39},"end":{"line":20,"column":59}},{"start":{"line":20,"column":63},"end":{"line":20,"column":80}},{"start":{"line":20,"column":84},"end":{"line":20,"column":100}}],"line":20},"2":{"loc":{"start":{"line":22,"column":24},"end":{"line":29,"column":25}},"type":"if","locations":[{"start":{"line":22,"column":24},"end":{"line":29,"column":25}},{"start":{"line":22,"column":24},"end":{"line":29,"column":25}}],"line":22}},"s":{"0":2,"1":0,"2":0,"3":0,"4":0,"5":0,"6":0,"7":0,"8":0,"9":0,"10":0},"f":{"0":2,"1":0},"b":{"0":[0,0],"1":[0,0,0,0],"2":[0,0]},"_coverageSchema":"332fd63041d2c1bcb487cc26dd0d5f7d97098a6c","hash":"e2fa70a5088dbe6d2c2f29800d8329a31d676efa"}
,"d:\\wip-mobile\\components\\BackButtonComponent.js": {"path":"d:\\wip-mobile\\components\\BackButtonComponent.js","statementMap":{"0":{"start":{"line":10,"column":8},"end":{"line":17,"column":9}},"1":{"start":{"line":13,"column":31},"end":{"line":13,"column":65}}},"fnMap":{"0":{"name":"(anonymous_0)","decl":{"start":{"line":9,"column":4},"end":{"line":9,"column":5}},"loc":{"start":{"line":9,"column":13},"end":{"line":18,"column":5}},"line":9},"1":{"name":"(anonymous_1)","decl":{"start":{"line":13,"column":25},"end":{"line":13,"column":26}},"loc":{"start":{"line":13,"column":31},"end":{"line":13,"column":65}},"line":13}},"branchMap":{},"s":{"0":1,"1":0},"f":{"0":1,"1":0},"b":{},"_coverageSchema":"332fd63041d2c1bcb487cc26dd0d5f7d97098a6c","hash":"d42d665928f1356d1582465cf9e61803f82d15f2"}
,"d:\\wip-mobile\\components\\CategoryComponent.js": {"path":"d:\\wip-mobile\\components\\CategoryComponent.js","statementMap":{"0":{"start":{"line":11,"column":8},"end":{"line":11,"column":49}},"1":{"start":{"line":15,"column":8},"end":{"line":31,"column":9}},"2":{"start":{"line":21,"column":24},"end":{"line":21,"column":53}}},"fnMap":{"0":{"name":"(anonymous_0)","decl":{"start":{"line":10,"column":4},"end":{"line":10,"column":5}},"loc":{"start":{"line":10,"column":25},"end":{"line":12,"column":5}},"line":10},"1":{"name":"(anonymous_1)","decl":{"start":{"line":14,"column":4},"end":{"line":14,"column":5}},"loc":{"start":{"line":14,"column":13},"end":{"line":32,"column":5}},"line":14},"2":{"name":"(anonymous_2)","decl":{"start":{"line":20,"column":34},"end":{"line":20,"column":35}},"loc":{"start":{"line":20,"column":58},"end":{"line":22,"column":21}},"line":20}},"branchMap":{},"s":{"0":2,"1":2,"2":0},"f":{"0":2,"1":2,"2":0},"b":{},"_coverageSchema":"332fd63041d2c1bcb487cc26dd0d5f7d97098a6c","hash":"36a43a004f0056d7a134e3cf4749824f50126745"}
,"d:\\wip-mobile\\components\\ConnectAddButtonComponent.js": {"path":"d:\\wip-mobile\\components\\ConnectAddButtonComponent.js","statementMap":{"0":{"start":{"line":6,"column":24},"end":{"line":10,"column":1}},"1":{"start":{"line":7,"column":4},"end":{"line":9,"column":5}}},"fnMap":{"0":{"name":"(anonymous_0)","decl":{"start":{"line":6,"column":24},"end":{"line":6,"column":25}},"loc":{"start":{"line":6,"column":33},"end":{"line":10,"column":1}},"line":6}},"branchMap":{},"s":{"0":1,"1":1},"f":{"0":1},"b":{},"_coverageSchema":"332fd63041d2c1bcb487cc26dd0d5f7d97098a6c","hash":"c426bf32053fa75416f38a73222c0126749dd82e"}
,"d:\\wip-mobile\\components\\ConnectCategoryComponent.js": {"path":"d:\\wip-mobile\\components\\ConnectCategoryComponent.js","statementMap":{"0":{"start":{"line":8,"column":24},"end":{"line":12,"column":1}},"1":{"start":{"line":9,"column":4},"end":{"line":11,"column":5}},"2":{"start":{"line":14,"column":27},"end":{"line":19,"column":1}},"3":{"start":{"line":15,"column":4},"end":{"line":18,"column":5}}},"fnMap":{"0":{"name":"(anonymous_0)","decl":{"start":{"line":8,"column":24},"end":{"line":8,"column":25}},"loc":{"start":{"line":8,"column":33},"end":{"line":12,"column":1}},"line":8},"1":{"name":"(anonymous_1)","decl":{"start":{"line":14,"column":27},"end":{"line":14,"column":28}},"loc":{"start":{"line":14,"column":39},"end":{"line":19,"column":1}},"line":14}},"branchMap":{},"s":{"0":1,"1":1,"2":1,"3":1},"f":{"0":1,"1":1},"b":{},"_coverageSchema":"332fd63041d2c1bcb487cc26dd0d5f7d97098a6c","hash":"cfac551e0b28b313332be9ac9c648faacc019285"}
,"d:\\wip-mobile\\components\\ConnectDescriptionInputComponent.js": {"path":"d:\\wip-mobile\\components\\ConnectDescriptionInputComponent.js","statementMap":{"0":{"start":{"line":7,"column":24},"end":{"line":11,"column":1}},"1":{"start":{"line":8,"column":4},"end":{"line":10,"column":5}},"2":{"start":{"line":13,"column":27},"end":{"line":17,"column":1}},"3":{"start":{"line":14,"column":4},"end":{"line":16,"column":5}}},"fnMap":{"0":{"name":"(anonymous_0)","decl":{"start":{"line":7,"column":24},"end":{"line":7,"column":25}},"loc":{"start":{"line":7,"column":33},"end":{"line":11,"column":1}},"line":7},"1":{"name":"(anonymous_1)","decl":{"start":{"line":13,"column":27},"end":{"line":13,"column":28}},"loc":{"start":{"line":13,"column":39},"end":{"line":17,"column":1}},"line":13}},"branchMap":{},"s":{"0":1,"1":1,"2":1,"3":1},"f":{"0":1,"1":1},"b":{},"_coverageSchema":"332fd63041d2c1bcb487cc26dd0d5f7d97098a6c","hash":"6e6519d0dcf64bde620ef1677116216340e32ca8"}
,"d:\\wip-mobile\\components\\ConnectListCardEventComponent.js": {"path":"d:\\wip-mobile\\components\\ConnectListCardEventComponent.js","statementMap":{"0":{"start":{"line":5,"column":24},"end":{"line":9,"column":1}},"1":{"start":{"line":6,"column":4},"end":{"line":8,"column":5}}},"fnMap":{"0":{"name":"(anonymous_0)","decl":{"start":{"line":5,"column":24},"end":{"line":5,"column":25}},"loc":{"start":{"line":5,"column":33},"end":{"line":9,"column":1}},"line":5}},"branchMap":{},"s":{"0":1,"1":1},"f":{"0":1},"b":{},"_coverageSchema":"332fd63041d2c1bcb487cc26dd0d5f7d97098a6c","hash":"d398499ac251b5ff894c2c084da526d5b96e48f2"}
,"d:\\wip-mobile\\components\\ConnectListCardNotificationComponent.js": {"path":"d:\\wip-mobile\\components\\ConnectListCardNotificationComponent.js","statementMap":{"0":{"start":{"line":5,"column":24},"end":{"line":9,"column":1}},"1":{"start":{"line":6,"column":4},"end":{"line":8,"column":5}}},"fnMap":{"0":{"name":"(anonymous_0)","decl":{"start":{"line":5,"column":24},"end":{"line":5,"column":25}},"loc":{"start":{"line":5,"column":33},"end":{"line":9,"column":1}},"line":5}},"branchMap":{},"s":{"0":1,"1":1},"f":{"0":1},"b":{},"_coverageSchema":"332fd63041d2c1bcb487cc26dd0d5f7d97098a6c","hash":"3c7471326958480ed6c459d8a8a919d7289ae5e2"}
,"d:\\wip-mobile\\components\\ConnectListCardProblemComponent.js": {"path":"d:\\wip-mobile\\components\\ConnectListCardProblemComponent.js","statementMap":{"0":{"start":{"line":5,"column":24},"end":{"line":9,"column":1}},"1":{"start":{"line":6,"column":4},"end":{"line":8,"column":5}}},"fnMap":{"0":{"name":"(anonymous_0)","decl":{"start":{"line":5,"column":24},"end":{"line":5,"column":25}},"loc":{"start":{"line":5,"column":33},"end":{"line":9,"column":1}},"line":5}},"branchMap":{},"s":{"0":1,"1":1},"f":{"0":1},"b":{},"_coverageSchema":"332fd63041d2c1bcb487cc26dd0d5f7d97098a6c","hash":"e0975447103435ed8c5a274c03e963844547782d"}
,"d:\\wip-mobile\\components\\ConnectPriorityComponent.js": {"path":"d:\\wip-mobile\\components\\ConnectPriorityComponent.js","statementMap":{"0":{"start":{"line":8,"column":24},"end":{"line":12,"column":1}},"1":{"start":{"line":9,"column":4},"end":{"line":11,"column":5}},"2":{"start":{"line":14,"column":27},"end":{"line":19,"column":1}},"3":{"start":{"line":15,"column":4},"end":{"line":18,"column":5}}},"fnMap":{"0":{"name":"(anonymous_0)","decl":{"start":{"line":8,"column":24},"end":{"line":8,"column":25}},"loc":{"start":{"line":8,"column":33},"end":{"line":12,"column":1}},"line":8},"1":{"name":"(anonymous_1)","decl":{"start":{"line":14,"column":27},"end":{"line":14,"column":28}},"loc":{"start":{"line":14,"column":39},"end":{"line":19,"column":1}},"line":14}},"branchMap":{},"s":{"0":1,"1":1,"2":1,"3":1},"f":{"0":1,"1":1},"b":{},"_coverageSchema":"332fd63041d2c1bcb487cc26dd0d5f7d97098a6c","hash":"35be1f871c19e82b05746ab8731c3366385abd20"}
,"d:\\wip-mobile\\components\\ConnectProblemButtonComponent.js": {"path":"d:\\wip-mobile\\components\\ConnectProblemButtonComponent.js","statementMap":{"0":{"start":{"line":7,"column":24},"end":{"line":11,"column":1}},"1":{"start":{"line":8,"column":4},"end":{"line":10,"column":5}},"2":{"start":{"line":13,"column":27},"end":{"line":17,"column":1}},"3":{"start":{"line":14,"column":4},"end":{"line":16,"column":5}}},"fnMap":{"0":{"name":"(anonymous_0)","decl":{"start":{"line":7,"column":24},"end":{"line":7,"column":25}},"loc":{"start":{"line":7,"column":33},"end":{"line":11,"column":1}},"line":7},"1":{"name":"(anonymous_1)","decl":{"start":{"line":13,"column":27},"end":{"line":13,"column":28}},"loc":{"start":{"line":13,"column":39},"end":{"line":17,"column":1}},"line":13}},"branchMap":{},"s":{"0":1,"1":1,"2":1,"3":1},"f":{"0":1,"1":1},"b":{},"_coverageSchema":"332fd63041d2c1bcb487cc26dd0d5f7d97098a6c","hash":"efc1acbff03ce14c8f41a355957d4cf3f988e2a2"}
,"d:\\wip-mobile\\components\\ConnectTopicInputComponent.js": {"path":"d:\\wip-mobile\\components\\ConnectTopicInputComponent.js","statementMap":{"0":{"start":{"line":7,"column":24},"end":{"line":11,"column":1}},"1":{"start":{"line":8,"column":4},"end":{"line":10,"column":5}},"2":{"start":{"line":13,"column":27},"end":{"line":17,"column":1}},"3":{"start":{"line":14,"column":4},"end":{"line":16,"column":5}}},"fnMap":{"0":{"name":"(anonymous_0)","decl":{"start":{"line":7,"column":24},"end":{"line":7,"column":25}},"loc":{"start":{"line":7,"column":33},"end":{"line":11,"column":1}},"line":7},"1":{"name":"(anonymous_1)","decl":{"start":{"line":13,"column":27},"end":{"line":13,"column":28}},"loc":{"start":{"line":13,"column":39},"end":{"line":17,"column":1}},"line":13}},"branchMap":{},"s":{"0":1,"1":1,"2":1,"3":1},"f":{"0":1,"1":1},"b":{},"_coverageSchema":"332fd63041d2c1bcb487cc26dd0d5f7d97098a6c","hash":"58afaa96c3ca82fc4c57578c20bfa797bb737830"}
,"d:\\wip-mobile\\components\\DescriptionInputComponent.js": {"path":"d:\\wip-mobile\\components\\DescriptionInputComponent.js","statementMap":{"0":{"start":{"line":10,"column":8},"end":{"line":30,"column":9}},"1":{"start":{"line":18,"column":24},"end":{"line":18,"column":55}}},"fnMap":{"0":{"name":"(anonymous_0)","decl":{"start":{"line":9,"column":4},"end":{"line":9,"column":5}},"loc":{"start":{"line":9,"column":13},"end":{"line":31,"column":5}},"line":9},"1":{"name":"(anonymous_1)","decl":{"start":{"line":17,"column":34},"end":{"line":17,"column":35}},"loc":{"start":{"line":17,"column":44},"end":{"line":19,"column":21}},"line":17}},"branchMap":{},"s":{"0":2,"1":0},"f":{"0":2,"1":0},"b":{},"_coverageSchema":"332fd63041d2c1bcb487cc26dd0d5f7d97098a6c","hash":"3ada9b00b5938166e38b8d824721321785f0dedb"}
,"d:\\wip-mobile\\components\\EventCardComponent.js": {"path":"d:\\wip-mobile\\components\\EventCardComponent.js","statementMap":{"0":{"start":{"line":11,"column":8},"end":{"line":106,"column":9}},"1":{"start":{"line":13,"column":31},"end":{"line":13,"column":106}},"2":{"start":{"line":110,"column":20},"end":{"line":112,"column":31}},"3":{"start":{"line":113,"column":8},"end":{"line":113,"column":40}},"4":{"start":{"line":117,"column":20},"end":{"line":119,"column":31}},"5":{"start":{"line":120,"column":18},"end":{"line":122,"column":31}},"6":{"start":{"line":123,"column":23},"end":{"line":123,"column":60}},"7":{"start":{"line":124,"column":25},"end":{"line":124,"column":62}},"8":{"start":{"line":125,"column":23},"end":{"line":125,"column":49}},"9":{"start":{"line":126,"column":19},"end":{"line":126,"column":21}},"10":{"start":{"line":127,"column":8},"end":{"line":129,"column":9}},"11":{"start":{"line":128,"column":12},"end":{"line":128,"column":56}},"12":{"start":{"line":130,"column":8},"end":{"line":132,"column":9}},"13":{"start":{"line":131,"column":12},"end":{"line":131,"column":44}},"14":{"start":{"line":133,"column":8},"end":{"line":133,"column":19}}},"fnMap":{"0":{"name":"(anonymous_0)","decl":{"start":{"line":10,"column":4},"end":{"line":10,"column":5}},"loc":{"start":{"line":10,"column":13},"end":{"line":107,"column":5}},"line":10},"1":{"name":"(anonymous_1)","decl":{"start":{"line":13,"column":25},"end":{"line":13,"column":26}},"loc":{"start":{"line":13,"column":31},"end":{"line":13,"column":106}},"line":13},"2":{"name":"(anonymous_2)","decl":{"start":{"line":109,"column":4},"end":{"line":109,"column":5}},"loc":{"start":{"line":109,"column":19},"end":{"line":114,"column":5}},"line":109},"3":{"name":"(anonymous_3)","decl":{"start":{"line":116,"column":4},"end":{"line":116,"column":5}},"loc":{"start":{"line":116,"column":23},"end":{"line":134,"column":5}},"line":116}},"branchMap":{"0":{"loc":{"start":{"line":127,"column":8},"end":{"line":129,"column":9}},"type":"if","locations":[{"start":{"line":127,"column":8},"end":{"line":129,"column":9}},{"start":{"line":127,"column":8},"end":{"line":129,"column":9}}],"line":127},"1":{"loc":{"start":{"line":130,"column":8},"end":{"line":132,"column":9}},"type":"if","locations":[{"start":{"line":130,"column":8},"end":{"line":132,"column":9}},{"start":{"line":130,"column":8},"end":{"line":132,"column":9}}],"line":130}},"s":{"0":0,"1":0,"2":0,"3":0,"4":0,"5":0,"6":0,"7":0,"8":0,"9":0,"10":0,"11":0,"12":0,"13":0,"14":0},"f":{"0":0,"1":0,"2":0,"3":0},"b":{"0":[0,0],"1":[0,0]},"_coverageSchema":"332fd63041d2c1bcb487cc26dd0d5f7d97098a6c","hash":"80eace8e4e3de254056b0900d266829ed3fdc2a7"}
,"d:\\wip-mobile\\components\\ListCardEventComponent.js": {"path":"d:\\wip-mobile\\components\\ListCardEventComponent.js","statementMap":{"0":{"start":{"line":8,"column":8},"end":{"line":8,"column":20}},"1":{"start":{"line":9,"column":8},"end":{"line":11,"column":9}},"2":{"start":{"line":15,"column":19},"end":{"line":15,"column":53}},"3":{"start":{"line":16,"column":8},"end":{"line":16,"column":31}},"4":{"start":{"line":17,"column":23},"end":{"line":17,"column":37}},"5":{"start":{"line":19,"column":19},"end":{"line":19,"column":96}},"6":{"start":{"line":19,"column":55},"end":{"line":19,"column":95}},"7":{"start":{"line":20,"column":8},"end":{"line":22,"column":10}},"8":{"start":{"line":26,"column":8},"end":{"line":38,"column":9}},"9":{"start":{"line":29,"column":40},"end":{"line":29,"column":47}},"10":{"start":{"line":31,"column":20},"end":{"line":35,"column":22}}},"fnMap":{"0":{"name":"(anonymous_0)","decl":{"start":{"line":7,"column":4},"end":{"line":7,"column":5}},"loc":{"start":{"line":7,"column":23},"end":{"line":12,"column":5}},"line":7},"1":{"name":"(anonymous_1)","decl":{"start":{"line":14,"column":4},"end":{"line":14,"column":5}},"loc":{"start":{"line":14,"column":31},"end":{"line":23,"column":5}},"line":14},"2":{"name":"(anonymous_2)","decl":{"start":{"line":19,"column":47},"end":{"line":19,"column":48}},"loc":{"start":{"line":19,"column":55},"end":{"line":19,"column":95}},"line":19},"3":{"name":"(anonymous_3)","decl":{"start":{"line":25,"column":4},"end":{"line":25,"column":5}},"loc":{"start":{"line":25,"column":13},"end":{"line":39,"column":5}},"line":25},"4":{"name":"(anonymous_4)","decl":{"start":{"line":29,"column":30},"end":{"line":29,"column":31}},"loc":{"start":{"line":29,"column":40},"end":{"line":29,"column":47}},"line":29},"5":{"name":"(anonymous_5)","decl":{"start":{"line":30,"column":28},"end":{"line":30,"column":29}},"loc":{"start":{"line":31,"column":20},"end":{"line":35,"column":22}},"line":31}},"branchMap":{},"s":{"0":1,"1":1,"2":0,"3":0,"4":0,"5":0,"6":0,"7":0,"8":1,"9":0,"10":0},"f":{"0":1,"1":0,"2":0,"3":1,"4":0,"5":0},"b":{},"_coverageSchema":"332fd63041d2c1bcb487cc26dd0d5f7d97098a6c","hash":"c2d193b7645feda93f6f3b10f1f1c1c50e1bef8a"}
,"d:\\wip-mobile\\components\\ListCardNotificationComponent.js": {"path":"d:\\wip-mobile\\components\\ListCardNotificationComponent.js","statementMap":{"0":{"start":{"line":8,"column":8},"end":{"line":20,"column":9}},"1":{"start":{"line":11,"column":40},"end":{"line":11,"column":47}},"2":{"start":{"line":13,"column":20},"end":{"line":17,"column":22}}},"fnMap":{"0":{"name":"(anonymous_0)","decl":{"start":{"line":7,"column":4},"end":{"line":7,"column":5}},"loc":{"start":{"line":7,"column":13},"end":{"line":21,"column":5}},"line":7},"1":{"name":"(anonymous_1)","decl":{"start":{"line":11,"column":30},"end":{"line":11,"column":31}},"loc":{"start":{"line":11,"column":40},"end":{"line":11,"column":47}},"line":11},"2":{"name":"(anonymous_2)","decl":{"start":{"line":12,"column":28},"end":{"line":12,"column":29}},"loc":{"start":{"line":13,"column":20},"end":{"line":17,"column":22}},"line":13}},"branchMap":{},"s":{"0":1,"1":2,"2":2},"f":{"0":1,"1":2,"2":2},"b":{},"_coverageSchema":"332fd63041d2c1bcb487cc26dd0d5f7d97098a6c","hash":"6b168a81e44543a6485d6df68767652dc24d7859"}
,"d:\\wip-mobile\\components\\ListCardProblemComponent.js": {"path":"d:\\wip-mobile\\components\\ListCardProblemComponent.js","statementMap":{"0":{"start":{"line":8,"column":8},"end":{"line":24,"column":9}},"1":{"start":{"line":11,"column":40},"end":{"line":11,"column":47}},"2":{"start":{"line":13,"column":20},"end":{"line":21,"column":21}},"3":{"start":{"line":14,"column":24},"end":{"line":20,"column":25}}},"fnMap":{"0":{"name":"(anonymous_0)","decl":{"start":{"line":7,"column":4},"end":{"line":7,"column":5}},"loc":{"start":{"line":7,"column":13},"end":{"line":25,"column":5}},"line":7},"1":{"name":"(anonymous_1)","decl":{"start":{"line":11,"column":30},"end":{"line":11,"column":31}},"loc":{"start":{"line":11,"column":40},"end":{"line":11,"column":47}},"line":11},"2":{"name":"(anonymous_2)","decl":{"start":{"line":12,"column":28},"end":{"line":12,"column":29}},"loc":{"start":{"line":12,"column":40},"end":{"line":22,"column":17}},"line":12}},"branchMap":{"0":{"loc":{"start":{"line":13,"column":20},"end":{"line":21,"column":21}},"type":"if","locations":[{"start":{"line":13,"column":20},"end":{"line":21,"column":21}},{"start":{"line":13,"column":20},"end":{"line":21,"column":21}}],"line":13},"1":{"loc":{"start":{"line":13,"column":25},"end":{"line":13,"column":56}},"type":"binary-expr","locations":[{"start":{"line":13,"column":25},"end":{"line":13,"column":38}},{"start":{"line":13,"column":42},"end":{"line":13,"column":56}}],"line":13}},"s":{"0":1,"1":2,"2":2,"3":2},"f":{"0":1,"1":2,"2":2},"b":{"0":[2,0],"1":[2,2]},"_coverageSchema":"332fd63041d2c1bcb487cc26dd0d5f7d97098a6c","hash":"a0edc6ac577dd65ddb1eda697d1d394e0bf40670"}
,"d:\\wip-mobile\\components\\NotificationCardComponent.js": {"path":"d:\\wip-mobile\\components\\NotificationCardComponent.js","statementMap":{"0":{"start":{"line":15,"column":14},"end":{"line":36,"column":1}},"1":{"start":{"line":39,"column":8},"end":{"line":39,"column":20}},"2":{"start":{"line":40,"column":8},"end":{"line":44,"column":9}},"3":{"start":{"line":48,"column":19},"end":{"line":48,"column":51}},"4":{"start":{"line":49,"column":8},"end":{"line":67,"column":11}},"5":{"start":{"line":50,"column":12},"end":{"line":66,"column":13}},"6":{"start":{"line":51,"column":16},"end":{"line":54,"column":18}},"7":{"start":{"line":55,"column":16},"end":{"line":65,"column":17}},"8":{"start":{"line":56,"column":33},"end":{"line":56,"column":57}},"9":{"start":{"line":57,"column":20},"end":{"line":59,"column":22}},"10":{"start":{"line":62,"column":20},"end":{"line":64,"column":22}},"11":{"start":{"line":71,"column":8},"end":{"line":124,"column":9}},"12":{"start":{"line":80,"column":32},"end":{"line":80,"column":104}}},"fnMap":{"0":{"name":"(anonymous_0)","decl":{"start":{"line":38,"column":4},"end":{"line":38,"column":5}},"loc":{"start":{"line":38,"column":23},"end":{"line":45,"column":5}},"line":38},"1":{"name":"(anonymous_1)","decl":{"start":{"line":47,"column":4},"end":{"line":47,"column":5}},"loc":{"start":{"line":47,"column":31},"end":{"line":68,"column":5}},"line":47},"2":{"name":"(anonymous_2)","decl":{"start":{"line":49,"column":36},"end":{"line":49,"column":37}},"loc":{"start":{"line":49,"column":47},"end":{"line":67,"column":9}},"line":49},"3":{"name":"(anonymous_3)","decl":{"start":{"line":70,"column":4},"end":{"line":70,"column":5}},"loc":{"start":{"line":70,"column":13},"end":{"line":125,"column":5}},"line":70},"4":{"name":"(anonymous_4)","decl":{"start":{"line":80,"column":26},"end":{"line":80,"column":27}},"loc":{"start":{"line":80,"column":32},"end":{"line":80,"column":104}},"line":80}},"branchMap":{"0":{"loc":{"start":{"line":50,"column":12},"end":{"line":66,"column":13}},"type":"if","locations":[{"start":{"line":50,"column":12},"end":{"line":66,"column":13}},{"start":{"line":50,"column":12},"end":{"line":66,"column":13}}],"line":50},"1":{"loc":{"start":{"line":55,"column":16},"end":{"line":65,"column":17}},"type":"if","locations":[{"start":{"line":55,"column":16},"end":{"line":65,"column":17}},{"start":{"line":55,"column":16},"end":{"line":65,"column":17}}],"line":55}},"s":{"0":1,"1":2,"2":2,"3":2,"4":0,"5":0,"6":0,"7":0,"8":0,"9":0,"10":0,"11":2,"12":0},"f":{"0":2,"1":2,"2":0,"3":2,"4":0},"b":{"0":[0,0],"1":[0,0]},"_coverageSchema":"332fd63041d2c1bcb487cc26dd0d5f7d97098a6c","hash":"85352890a39ca0348e394b82146b5adb30270e56"}
,"d:\\wip-mobile\\components\\PriorityComponent.js": {"path":"d:\\wip-mobile\\components\\PriorityComponent.js","statementMap":{"0":{"start":{"line":13,"column":8},"end":{"line":22,"column":9}},"1":{"start":{"line":14,"column":24},"end":{"line":14,"column":46}},"2":{"start":{"line":15,"column":12},"end":{"line":21,"column":14}},"3":{"start":{"line":16,"column":29},"end":{"line":19,"column":17}},"4":{"start":{"line":20,"column":16},"end":{"line":20,"column":46}},"5":{"start":{"line":26,"column":8},"end":{"line":42,"column":9}},"6":{"start":{"line":32,"column":24},"end":{"line":32,"column":56}}},"fnMap":{"0":{"name":"(anonymous_0)","decl":{"start":{"line":12,"column":4},"end":{"line":12,"column":5}},"loc":{"start":{"line":12,"column":31},"end":{"line":23,"column":5}},"line":12},"1":{"name":"(anonymous_1)","decl":{"start":{"line":15,"column":22},"end":{"line":15,"column":23}},"loc":{"start":{"line":15,"column":30},"end":{"line":21,"column":13}},"line":15},"2":{"name":"(anonymous_2)","decl":{"start":{"line":25,"column":4},"end":{"line":25,"column":5}},"loc":{"start":{"line":25,"column":13},"end":{"line":43,"column":5}},"line":25},"3":{"name":"(anonymous_3)","decl":{"start":{"line":31,"column":34},"end":{"line":31,"column":35}},"loc":{"start":{"line":31,"column":58},"end":{"line":33,"column":21}},"line":31}},"branchMap":{"0":{"loc":{"start":{"line":13,"column":8},"end":{"line":22,"column":9}},"type":"if","locations":[{"start":{"line":13,"column":8},"end":{"line":22,"column":9}},{"start":{"line":13,"column":8},"end":{"line":22,"column":9}}],"line":13}},"s":{"0":1,"1":0,"2":0,"3":0,"4":0,"5":1,"6":0},"f":{"0":1,"1":0,"2":1,"3":0},"b":{"0":[0,1]},"_coverageSchema":"332fd63041d2c1bcb487cc26dd0d5f7d97098a6c","hash":"175c428b45d19e5662e7f6d157f8ebbb16b6c5fe"}
,"d:\\wip-mobile\\components\\ProblemButtonComponent.js": {"path":"d:\\wip-mobile\\components\\ProblemButtonComponent.js","statementMap":{"0":{"start":{"line":13,"column":8},"end":{"line":48,"column":9}},"1":{"start":{"line":17,"column":32},"end":{"line":20,"column":21}},"2":{"start":{"line":21,"column":20},"end":{"line":26,"column":21}},"3":{"start":{"line":22,"column":24},"end":{"line":22,"column":45}},"4":{"start":{"line":25,"column":24},"end":{"line":25,"column":46}},"5":{"start":{"line":27,"column":33},"end":{"line":27,"column":76}},"6":{"start":{"line":28,"column":20},"end":{"line":31,"column":21}},"7":{"start":{"line":29,"column":35},"end":{"line":29,"column":71}},"8":{"start":{"line":30,"column":24},"end":{"line":30,"column":54}},"9":{"start":{"line":32,"column":20},"end":{"line":32,"column":64}},"10":{"start":{"line":52,"column":20},"end":{"line":55,"column":9}},"11":{"start":{"line":56,"column":8},"end":{"line":58,"column":9}},"12":{"start":{"line":57,"column":12},"end":{"line":57,"column":52}},"13":{"start":{"line":59,"column":8},"end":{"line":61,"column":9}},"14":{"start":{"line":60,"column":12},"end":{"line":60,"column":51}},"15":{"start":{"line":63,"column":8},"end":{"line":63,"column":20}}},"fnMap":{"0":{"name":"(anonymous_0)","decl":{"start":{"line":12,"column":4},"end":{"line":12,"column":5}},"loc":{"start":{"line":12,"column":13},"end":{"line":49,"column":5}},"line":12},"1":{"name":"(anonymous_1)","decl":{"start":{"line":16,"column":25},"end":{"line":16,"column":26}},"loc":{"start":{"line":16,"column":37},"end":{"line":33,"column":17}},"line":16},"2":{"name":"(anonymous_2)","decl":{"start":{"line":51,"column":4},"end":{"line":51,"column":5}},"loc":{"start":{"line":51,"column":19},"end":{"line":64,"column":5}},"line":51}},"branchMap":{"0":{"loc":{"start":{"line":21,"column":20},"end":{"line":26,"column":21}},"type":"if","locations":[{"start":{"line":21,"column":20},"end":{"line":26,"column":21}},{"start":{"line":21,"column":20},"end":{"line":26,"column":21}}],"line":21},"1":{"loc":{"start":{"line":28,"column":20},"end":{"line":31,"column":21}},"type":"if","locations":[{"start":{"line":28,"column":20},"end":{"line":31,"column":21}},{"start":{"line":28,"column":20},"end":{"line":31,"column":21}}],"line":28},"2":{"loc":{"start":{"line":42,"column":22},"end":{"line":44,"column":34}},"type":"cond-expr","locations":[{"start":{"line":43,"column":26},"end":{"line":43,"column":33}},{"start":{"line":44,"column":26},"end":{"line":44,"column":34}}],"line":42},"3":{"loc":{"start":{"line":56,"column":8},"end":{"line":58,"column":9}},"type":"if","locations":[{"start":{"line":56,"column":8},"end":{"line":58,"column":9}},{"start":{"line":56,"column":8},"end":{"line":58,"column":9}}],"line":56},"4":{"loc":{"start":{"line":59,"column":8},"end":{"line":61,"column":9}},"type":"if","locations":[{"start":{"line":59,"column":8},"end":{"line":61,"column":9}},{"start":{"line":59,"column":8},"end":{"line":61,"column":9}}],"line":59}},"s":{"0":1,"1":0,"2":0,"3":0,"4":0,"5":0,"6":0,"7":0,"8":0,"9":0,"10":1,"11":1,"12":0,"13":1,"14":0,"15":1},"f":{"0":1,"1":0,"2":1},"b":{"0":[0,0],"1":[0,0],"2":[0,1],"3":[0,1],"4":[0,1]},"_coverageSchema":"332fd63041d2c1bcb487cc26dd0d5f7d97098a6c","hash":"a3251ec7ce85d2a9b5aab42b2cb3ba5fcd433ff5"}
,"d:\\wip-mobile\\components\\ProblemCardComponent.js": {"path":"d:\\wip-mobile\\components\\ProblemCardComponent.js","statementMap":{"0":{"start":{"line":16,"column":8},"end":{"line":16,"column":20}},"1":{"start":{"line":17,"column":8},"end":{"line":23,"column":9}},"2":{"start":{"line":27,"column":19},"end":{"line":27,"column":53}},"3":{"start":{"line":28,"column":8},"end":{"line":28,"column":31}},"4":{"start":{"line":29,"column":8},"end":{"line":31,"column":10}},"5":{"start":{"line":32,"column":24},"end":{"line":32,"column":38}},"6":{"start":{"line":34,"column":20},"end":{"line":34,"column":66}},"7":{"start":{"line":36,"column":21},"end":{"line":36,"column":78}},"8":{"start":{"line":36,"column":45},"end":{"line":36,"column":77}},"9":{"start":{"line":37,"column":8},"end":{"line":41,"column":9}},"10":{"start":{"line":38,"column":12},"end":{"line":40,"column":14}},"11":{"start":{"line":45,"column":8},"end":{"line":108,"column":9}},"12":{"start":{"line":54,"column":31},"end":{"line":54,"column":99}}},"fnMap":{"0":{"name":"(anonymous_0)","decl":{"start":{"line":15,"column":4},"end":{"line":15,"column":5}},"loc":{"start":{"line":15,"column":23},"end":{"line":24,"column":5}},"line":15},"1":{"name":"(anonymous_1)","decl":{"start":{"line":26,"column":4},"end":{"line":26,"column":5}},"loc":{"start":{"line":26,"column":31},"end":{"line":42,"column":5}},"line":26},"2":{"name":"(anonymous_2)","decl":{"start":{"line":36,"column":37},"end":{"line":36,"column":38}},"loc":{"start":{"line":36,"column":45},"end":{"line":36,"column":77}},"line":36},"3":{"name":"(anonymous_3)","decl":{"start":{"line":44,"column":4},"end":{"line":44,"column":5}},"loc":{"start":{"line":44,"column":13},"end":{"line":109,"column":5}},"line":44},"4":{"name":"(anonymous_4)","decl":{"start":{"line":54,"column":25},"end":{"line":54,"column":26}},"loc":{"start":{"line":54,"column":31},"end":{"line":54,"column":99}},"line":54}},"branchMap":{"0":{"loc":{"start":{"line":37,"column":8},"end":{"line":41,"column":9}},"type":"if","locations":[{"start":{"line":37,"column":8},"end":{"line":41,"column":9}},{"start":{"line":37,"column":8},"end":{"line":41,"column":9}}],"line":37},"1":{"loc":{"start":{"line":64,"column":24},"end":{"line":72,"column":26}},"type":"cond-expr","locations":[{"start":{"line":65,"column":26},"end":{"line":68,"column":26}},{"start":{"line":69,"column":26},"end":{"line":72,"column":26}}],"line":64}},"s":{"0":2,"1":2,"2":2,"3":2,"4":2,"5":0,"6":0,"7":0,"8":0,"9":0,"10":0,"11":2,"12":0},"f":{"0":2,"1":2,"2":0,"3":2,"4":0},"b":{"0":[0,0],"1":[0,2]},"_coverageSchema":"332fd63041d2c1bcb487cc26dd0d5f7d97098a6c","hash":"138863c8c951f2c6940df4d897eba4962512f35b"}
,"d:\\wip-mobile\\components\\TopicInputComponent.js": {"path":"d:\\wip-mobile\\components\\TopicInputComponent.js","statementMap":{"0":{"start":{"line":11,"column":8},"end":{"line":29,"column":9}},"1":{"start":{"line":19,"column":24},"end":{"line":19,"column":49}}},"fnMap":{"0":{"name":"(anonymous_0)","decl":{"start":{"line":10,"column":4},"end":{"line":10,"column":5}},"loc":{"start":{"line":10,"column":13},"end":{"line":30,"column":5}},"line":10},"1":{"name":"(anonymous_1)","decl":{"start":{"line":18,"column":34},"end":{"line":18,"column":35}},"loc":{"start":{"line":18,"column":44},"end":{"line":20,"column":21}},"line":18}},"branchMap":{},"s":{"0":1,"1":0},"f":{"0":1,"1":0},"b":{},"_coverageSchema":"332fd63041d2c1bcb487cc26dd0d5f7d97098a6c","hash":"469118c19f6af448ed9470e3f7dbb7c31d678ca9"}
,"d:\\wip-mobile\\ducks\\CategoryProblem.js": {"path":"d:\\wip-mobile\\ducks\\CategoryProblem.js","statementMap":{"0":{"start":{"line":3,"column":21},"end":{"line":3,"column":35}},"1":{"start":{"line":4,"column":23},"end":{"line":4,"column":39}},"2":{"start":{"line":7,"column":4},"end":{"line":21,"column":5}},"3":{"start":{"line":9,"column":12},"end":{"line":14,"column":13}},"4":{"start":{"line":16,"column":12},"end":{"line":18,"column":13}},"5":{"start":{"line":20,"column":12},"end":{"line":20,"column":24}},"6":{"start":{"line":24,"column":27},"end":{"line":27,"column":2}},"7":{"start":{"line":24,"column":42},"end":{"line":27,"column":1}},"8":{"start":{"line":29,"column":29},"end":{"line":31,"column":2}},"9":{"start":{"line":29,"column":36},"end":{"line":31,"column":1}}},"fnMap":{"0":{"name":"reducer","decl":{"start":{"line":6,"column":24},"end":{"line":6,"column":31}},"loc":{"start":{"line":6,"column":60},"end":{"line":22,"column":1}},"line":6},"1":{"name":"(anonymous_1)","decl":{"start":{"line":24,"column":27},"end":{"line":24,"column":28}},"loc":{"start":{"line":24,"column":42},"end":{"line":27,"column":1}},"line":24},"2":{"name":"(anonymous_2)","decl":{"start":{"line":29,"column":29},"end":{"line":29,"column":30}},"loc":{"start":{"line":29,"column":36},"end":{"line":31,"column":1}},"line":29}},"branchMap":{"0":{"loc":{"start":{"line":6,"column":33},"end":{"line":6,"column":50}},"type":"default-arg","locations":[{"start":{"line":6,"column":41},"end":{"line":6,"column":50}}],"line":6},"1":{"loc":{"start":{"line":7,"column":4},"end":{"line":21,"column":5}},"type":"switch","locations":[{"start":{"line":8,"column":8},"end":{"line":14,"column":13}},{"start":{"line":15,"column":8},"end":{"line":18,"column":13}},{"start":{"line":19,"column":8},"end":{"line":20,"column":24}}],"line":7}},"s":{"0":1,"1":1,"2":0,"3":0,"4":0,"5":0,"6":1,"7":0,"8":1,"9":1},"f":{"0":0,"1":0,"2":1},"b":{"0":[0],"1":[0,0,0]},"_coverageSchema":"332fd63041d2c1bcb487cc26dd0d5f7d97098a6c","hash":"78bc2de1415276ca5e307926d227ffa77395596a"}
,"d:\\wip-mobile\\ducks\\InitState.js": {"path":"d:\\wip-mobile\\ducks\\InitState.js","statementMap":{"0":{"start":{"line":1,"column":25},"end":{"line":14,"column":1}},"1":{"start":{"line":16,"column":19},"end":{"line":16,"column":31}},"2":{"start":{"line":19,"column":4},"end":{"line":24,"column":5}},"3":{"start":{"line":21,"column":12},"end":{"line":21,"column":28}},"4":{"start":{"line":23,"column":12},"end":{"line":23,"column":24}},"5":{"start":{"line":27,"column":24},"end":{"line":29,"column":2}},"6":{"start":{"line":27,"column":31},"end":{"line":29,"column":1}}},"fnMap":{"0":{"name":"reducer","decl":{"start":{"line":18,"column":24},"end":{"line":18,"column":31}},"loc":{"start":{"line":18,"column":60},"end":{"line":25,"column":1}},"line":18},"1":{"name":"(anonymous_1)","decl":{"start":{"line":27,"column":24},"end":{"line":27,"column":25}},"loc":{"start":{"line":27,"column":31},"end":{"line":29,"column":1}},"line":27}},"branchMap":{"0":{"loc":{"start":{"line":18,"column":33},"end":{"line":18,"column":50}},"type":"default-arg","locations":[{"start":{"line":18,"column":41},"end":{"line":18,"column":50}}],"line":18},"1":{"loc":{"start":{"line":19,"column":4},"end":{"line":24,"column":5}},"type":"switch","locations":[{"start":{"line":20,"column":8},"end":{"line":21,"column":28}},{"start":{"line":22,"column":8},"end":{"line":23,"column":24}}],"line":19}},"s":{"0":6,"1":6,"2":0,"3":0,"4":0,"5":6,"6":0},"f":{"0":0,"1":0},"b":{"0":[0],"1":[0,0]},"_coverageSchema":"332fd63041d2c1bcb487cc26dd0d5f7d97098a6c","hash":"ba85eacad041cd6dbe80a84cf0b9b32c5d1906df"}
,"d:\\wip-mobile\\ducks\\NewProblem.js": {"path":"d:\\wip-mobile\\ducks\\NewProblem.js","statementMap":{"0":{"start":{"line":3,"column":22},"end":{"line":3,"column":37}},"1":{"start":{"line":4,"column":21},"end":{"line":4,"column":35}},"2":{"start":{"line":5,"column":28},"end":{"line":5,"column":49}},"3":{"start":{"line":6,"column":25},"end":{"line":6,"column":43}},"4":{"start":{"line":7,"column":25},"end":{"line":7,"column":43}},"5":{"start":{"line":10,"column":4},"end":{"line":48,"column":5}},"6":{"start":{"line":12,"column":12},"end":{"line":17,"column":13}},"7":{"start":{"line":19,"column":12},"end":{"line":24,"column":13}},"8":{"start":{"line":26,"column":12},"end":{"line":31,"column":13}},"9":{"start":{"line":33,"column":12},"end":{"line":38,"column":13}},"10":{"start":{"line":40,"column":12},"end":{"line":45,"column":13}},"11":{"start":{"line":47,"column":12},"end":{"line":47,"column":24}},"12":{"start":{"line":51,"column":34},"end":{"line":54,"column":2}},"13":{"start":{"line":51,"column":44},"end":{"line":54,"column":1}},"14":{"start":{"line":56,"column":33},"end":{"line":59,"column":2}},"15":{"start":{"line":56,"column":46},"end":{"line":59,"column":1}},"16":{"start":{"line":61,"column":40},"end":{"line":64,"column":2}},"17":{"start":{"line":61,"column":56},"end":{"line":64,"column":1}},"18":{"start":{"line":66,"column":37},"end":{"line":69,"column":2}},"19":{"start":{"line":66,"column":44},"end":{"line":69,"column":1}},"20":{"start":{"line":71,"column":39},"end":{"line":74,"column":2}},"21":{"start":{"line":71,"column":46},"end":{"line":74,"column":1}}},"fnMap":{"0":{"name":"reducer","decl":{"start":{"line":9,"column":24},"end":{"line":9,"column":31}},"loc":{"start":{"line":9,"column":60},"end":{"line":49,"column":1}},"line":9},"1":{"name":"(anonymous_1)","decl":{"start":{"line":51,"column":34},"end":{"line":51,"column":35}},"loc":{"start":{"line":51,"column":44},"end":{"line":54,"column":1}},"line":51},"2":{"name":"(anonymous_2)","decl":{"start":{"line":56,"column":33},"end":{"line":56,"column":34}},"loc":{"start":{"line":56,"column":46},"end":{"line":59,"column":1}},"line":56},"3":{"name":"(anonymous_3)","decl":{"start":{"line":61,"column":40},"end":{"line":61,"column":41}},"loc":{"start":{"line":61,"column":56},"end":{"line":64,"column":1}},"line":61},"4":{"name":"(anonymous_4)","decl":{"start":{"line":66,"column":37},"end":{"line":66,"column":38}},"loc":{"start":{"line":66,"column":44},"end":{"line":69,"column":1}},"line":66},"5":{"name":"(anonymous_5)","decl":{"start":{"line":71,"column":39},"end":{"line":71,"column":40}},"loc":{"start":{"line":71,"column":46},"end":{"line":74,"column":1}},"line":71}},"branchMap":{"0":{"loc":{"start":{"line":9,"column":33},"end":{"line":9,"column":50}},"type":"default-arg","locations":[{"start":{"line":9,"column":41},"end":{"line":9,"column":50}}],"line":9},"1":{"loc":{"start":{"line":10,"column":4},"end":{"line":48,"column":5}},"type":"switch","locations":[{"start":{"line":11,"column":8},"end":{"line":17,"column":13}},{"start":{"line":18,"column":8},"end":{"line":24,"column":13}},{"start":{"line":25,"column":8},"end":{"line":31,"column":13}},{"start":{"line":32,"column":8},"end":{"line":38,"column":13}},{"start":{"line":39,"column":8},"end":{"line":45,"column":13}},{"start":{"line":46,"column":8},"end":{"line":47,"column":24}}],"line":10}},"s":{"0":5,"1":5,"2":5,"3":5,"4":5,"5":0,"6":0,"7":0,"8":0,"9":0,"10":0,"11":0,"12":5,"13":1,"14":5,"15":0,"16":5,"17":0,"18":5,"19":0,"20":5,"21":0},"f":{"0":0,"1":1,"2":0,"3":0,"4":0,"5":0},"b":{"0":[0],"1":[0,0,0,0,0,0]},"_coverageSchema":"332fd63041d2c1bcb487cc26dd0d5f7d97098a6c","hash":"35ceeedd196e5619a9f33a7620523fd31be0dd28"}
,"d:\\wip-mobile\\ducks\\Priority.js": {"path":"d:\\wip-mobile\\ducks\\Priority.js","statementMap":{"0":{"start":{"line":3,"column":21},"end":{"line":3,"column":35}},"1":{"start":{"line":6,"column":4},"end":{"line":16,"column":5}},"2":{"start":{"line":8,"column":12},"end":{"line":13,"column":13}},"3":{"start":{"line":15,"column":12},"end":{"line":15,"column":24}},"4":{"start":{"line":19,"column":27},"end":{"line":22,"column":2}},"5":{"start":{"line":19,"column":42},"end":{"line":22,"column":1}}},"fnMap":{"0":{"name":"reducer","decl":{"start":{"line":5,"column":24},"end":{"line":5,"column":31}},"loc":{"start":{"line":5,"column":60},"end":{"line":17,"column":1}},"line":5},"1":{"name":"(anonymous_1)","decl":{"start":{"line":19,"column":27},"end":{"line":19,"column":28}},"loc":{"start":{"line":19,"column":42},"end":{"line":22,"column":1}},"line":19}},"branchMap":{"0":{"loc":{"start":{"line":5,"column":33},"end":{"line":5,"column":50}},"type":"default-arg","locations":[{"start":{"line":5,"column":41},"end":{"line":5,"column":50}}],"line":5},"1":{"loc":{"start":{"line":6,"column":4},"end":{"line":16,"column":5}},"type":"switch","locations":[{"start":{"line":7,"column":8},"end":{"line":13,"column":13}},{"start":{"line":14,"column":8},"end":{"line":15,"column":24}}],"line":6}},"s":{"0":1,"1":0,"2":0,"3":0,"4":1,"5":0},"f":{"0":0,"1":0},"b":{"0":[0],"1":[0,0]},"_coverageSchema":"332fd63041d2c1bcb487cc26dd0d5f7d97098a6c","hash":"cf5422fcf413f732990e723d4482ff2277cec216"}
,"d:\\wip-mobile\\ducks\\ProblemTypeAPI.js": {"path":"d:\\wip-mobile\\ducks\\ProblemTypeAPI.js","statementMap":{"0":{"start":{"line":5,"column":4},"end":{"line":15,"column":5}},"1":{"start":{"line":6,"column":8},"end":{"line":6,"column":33}},"2":{"start":{"line":7,"column":20},"end":{"line":7,"column":45}},"3":{"start":{"line":8,"column":8},"end":{"line":14,"column":10}},"4":{"start":{"line":9,"column":27},"end":{"line":12,"column":13}},"5":{"start":{"line":13,"column":12},"end":{"line":13,"column":43}}},"fnMap":{"0":{"name":"getAllForCategory","decl":{"start":{"line":4,"column":16},"end":{"line":4,"column":33}},"loc":{"start":{"line":4,"column":36},"end":{"line":16,"column":1}},"line":4},"1":{"name":"(anonymous_1)","decl":{"start":{"line":5,"column":11},"end":{"line":5,"column":12}},"loc":{"start":{"line":5,"column":29},"end":{"line":15,"column":5}},"line":5},"2":{"name":"(anonymous_2)","decl":{"start":{"line":8,"column":18},"end":{"line":8,"column":19}},"loc":{"start":{"line":8,"column":26},"end":{"line":14,"column":9}},"line":8}},"branchMap":{},"s":{"0":1,"1":1,"2":1,"3":0,"4":0,"5":0},"f":{"0":1,"1":1,"2":0},"b":{},"_coverageSchema":"332fd63041d2c1bcb487cc26dd0d5f7d97098a6c","hash":"957d72e9cbaae7dae5c3173b6150eb96f57d0597"}
,"d:\\wip-mobile\\ducks\\ReportProblem.js": {"path":"d:\\wip-mobile\\ducks\\ReportProblem.js","statementMap":{"0":{"start":{"line":3,"column":20},"end":{"line":3,"column":33}},"1":{"start":{"line":4,"column":21},"end":{"line":4,"column":35}},"2":{"start":{"line":5,"column":23},"end":{"line":5,"column":39}},"3":{"start":{"line":6,"column":22},"end":{"line":6,"column":37}},"4":{"start":{"line":9,"column":4},"end":{"line":42,"column":5}},"5":{"start":{"line":11,"column":12},"end":{"line":16,"column":13}},"6":{"start":{"line":18,"column":12},"end":{"line":26,"column":13}},"7":{"start":{"line":20,"column":34},"end":{"line":20,"column":74}},"8":{"start":{"line":21,"column":20},"end":{"line":23,"column":21}},"9":{"start":{"line":22,"column":24},"end":{"line":22,"column":60}},"10":{"start":{"line":24,"column":20},"end":{"line":24,"column":39}},"11":{"start":{"line":28,"column":12},"end":{"line":35,"column":13}},"12":{"start":{"line":30,"column":20},"end":{"line":32,"column":21}},"13":{"start":{"line":31,"column":24},"end":{"line":31,"column":55}},"14":{"start":{"line":33,"column":20},"end":{"line":33,"column":34}},"15":{"start":{"line":37,"column":12},"end":{"line":39,"column":13}},"16":{"start":{"line":41,"column":12},"end":{"line":41,"column":24}},"17":{"start":{"line":45,"column":26},"end":{"line":48,"column":2}},"18":{"start":{"line":45,"column":38},"end":{"line":48,"column":1}},"19":{"start":{"line":50,"column":27},"end":{"line":52,"column":2}},"20":{"start":{"line":50,"column":34},"end":{"line":52,"column":1}},"21":{"start":{"line":54,"column":29},"end":{"line":57,"column":2}},"22":{"start":{"line":54,"column":41},"end":{"line":57,"column":1}},"23":{"start":{"line":59,"column":28},"end":{"line":61,"column":2}},"24":{"start":{"line":59,"column":35},"end":{"line":61,"column":1}}},"fnMap":{"0":{"name":"reducer","decl":{"start":{"line":8,"column":24},"end":{"line":8,"column":31}},"loc":{"start":{"line":8,"column":60},"end":{"line":43,"column":1}},"line":8},"1":{"name":"(anonymous_1)","decl":{"start":{"line":19,"column":45},"end":{"line":19,"column":46}},"loc":{"start":{"line":19,"column":55},"end":{"line":25,"column":17}},"line":19},"2":{"name":"(anonymous_2)","decl":{"start":{"line":29,"column":44},"end":{"line":29,"column":45}},"loc":{"start":{"line":29,"column":55},"end":{"line":34,"column":17}},"line":29},"3":{"name":"(anonymous_3)","decl":{"start":{"line":45,"column":26},"end":{"line":45,"column":27}},"loc":{"start":{"line":45,"column":38},"end":{"line":48,"column":1}},"line":45},"4":{"name":"(anonymous_4)","decl":{"start":{"line":50,"column":27},"end":{"line":50,"column":28}},"loc":{"start":{"line":50,"column":34},"end":{"line":52,"column":1}},"line":50},"5":{"name":"(anonymous_5)","decl":{"start":{"line":54,"column":29},"end":{"line":54,"column":30}},"loc":{"start":{"line":54,"column":41},"end":{"line":57,"column":1}},"line":54},"6":{"name":"(anonymous_6)","decl":{"start":{"line":59,"column":28},"end":{"line":59,"column":29}},"loc":{"start":{"line":59,"column":35},"end":{"line":61,"column":1}},"line":59}},"branchMap":{"0":{"loc":{"start":{"line":8,"column":33},"end":{"line":8,"column":50}},"type":"default-arg","locations":[{"start":{"line":8,"column":41},"end":{"line":8,"column":50}}],"line":8},"1":{"loc":{"start":{"line":9,"column":4},"end":{"line":42,"column":5}},"type":"switch","locations":[{"start":{"line":10,"column":8},"end":{"line":16,"column":13}},{"start":{"line":17,"column":8},"end":{"line":26,"column":13}},{"start":{"line":27,"column":8},"end":{"line":35,"column":13}},{"start":{"line":36,"column":8},"end":{"line":39,"column":13}},{"start":{"line":40,"column":8},"end":{"line":41,"column":24}}],"line":9},"2":{"loc":{"start":{"line":21,"column":20},"end":{"line":23,"column":21}},"type":"if","locations":[{"start":{"line":21,"column":20},"end":{"line":23,"column":21}},{"start":{"line":21,"column":20},"end":{"line":23,"column":21}}],"line":21},"3":{"loc":{"start":{"line":30,"column":20},"end":{"line":32,"column":21}},"type":"if","locations":[{"start":{"line":30,"column":20},"end":{"line":32,"column":21}},{"start":{"line":30,"column":20},"end":{"line":32,"column":21}}],"line":30}},"s":{"0":1,"1":1,"2":1,"3":1,"4":0,"5":0,"6":0,"7":0,"8":0,"9":0,"10":0,"11":0,"12":0,"13":0,"14":0,"15":0,"16":0,"17":1,"18":0,"19":1,"20":0,"21":1,"22":0,"23":1,"24":0},"f":{"0":0,"1":0,"2":0,"3":0,"4":0,"5":0,"6":0},"b":{"0":[0],"1":[0,0,0,0,0],"2":[0,0],"3":[0,0]},"_coverageSchema":"332fd63041d2c1bcb487cc26dd0d5f7d97098a6c","hash":"7275e7cf279c65eef4e117f0fa8518b6b9b9c64c"}
,"d:\\wip-mobile\\styles\\ColorStyle.js": {"path":"d:\\wip-mobile\\styles\\ColorStyle.js","statementMap":{"0":{"start":{"line":3,"column":15},"end":{"line":36,"column":2}}},"fnMap":{},"branchMap":{},"s":{"0":13},"f":{},"b":{},"_coverageSchema":"332fd63041d2c1bcb487cc26dd0d5f7d97098a6c","hash":"cff3efe5642246c7296333c453853de6db7f4a82"}
,"d:\\wip-mobile\\styles\\ComponentStyle.js": {"path":"d:\\wip-mobile\\styles\\ComponentStyle.js","statementMap":{"0":{"start":{"line":3,"column":15},"end":{"line":3,"column":46}},"1":{"start":{"line":4,"column":14},"end":{"line":4,"column":44}},"2":{"start":{"line":6,"column":15},"end":{"line":50,"column":2}}},"fnMap":{},"branchMap":{},"s":{"0":2,"1":2,"2":2},"f":{},"b":{},"_coverageSchema":"332fd63041d2c1bcb487cc26dd0d5f7d97098a6c","hash":"bd58d92e03ffb2250f4576689838116181e9971f"}
,"d:\\wip-mobile\\styles\\ImageStyle.js": {"path":"d:\\wip-mobile\\styles\\ImageStyle.js","statementMap":{"0":{"start":{"line":3,"column":15},"end":{"line":3,"column":46}},"1":{"start":{"line":4,"column":14},"end":{"line":4,"column":44}},"2":{"start":{"line":6,"column":15},"end":{"line":54,"column":2}}},"fnMap":{},"branchMap":{},"s":{"0":2,"1":2,"2":2},"f":{},"b":{},"_coverageSchema":"332fd63041d2c1bcb487cc26dd0d5f7d97098a6c","hash":"68b65d060b949429353fbd1a171a201cd21126a2"}
,"d:\\wip-mobile\\styles\\LayoutStyle.js": {"path":"d:\\wip-mobile\\styles\\LayoutStyle.js","statementMap":{"0":{"start":{"line":3,"column":15},"end":{"line":3,"column":46}},"1":{"start":{"line":4,"column":14},"end":{"line":4,"column":44}},"2":{"start":{"line":6,"column":15},"end":{"line":162,"column":2}}},"fnMap":{},"branchMap":{},"s":{"0":13,"1":13,"2":13},"f":{},"b":{},"_coverageSchema":"332fd63041d2c1bcb487cc26dd0d5f7d97098a6c","hash":"52f9af18a36b6e39a0282fe32bdf77296b09439d"}
,"d:\\wip-mobile\\styles\\TextStyles.js": {"path":"d:\\wip-mobile\\styles\\TextStyles.js","statementMap":{"0":{"start":{"line":3,"column":14},"end":{"line":40,"column":2}}},"fnMap":{},"branchMap":{},"s":{"0":5},"f":{},"b":{},"_coverageSchema":"332fd63041d2c1bcb487cc26dd0d5f7d97098a6c","hash":"37fd7f719970cc451a60d162385481c51f43b743"}
,"d:\\wip-mobile\\utils\\api.js": {"path":"d:\\wip-mobile\\utils\\api.js","statementMap":{"0":{"start":{"line":5,"column":23},"end":{"line":10,"column":1}},"1":{"start":{"line":6,"column":2},"end":{"line":9,"column":4}},"2":{"start":{"line":12,"column":23},"end":{"line":12,"column":83}},"3":{"start":{"line":12,"column":30},"end":{"line":12,"column":83}},"4":{"start":{"line":14,"column":19},"end":{"line":17,"column":2}},"5":{"start":{"line":14,"column":28},"end":{"line":17,"column":2}},"6":{"start":{"line":21,"column":4},"end":{"line":24,"column":24}},"7":{"start":{"line":27,"column":4},"end":{"line":34,"column":24}},"8":{"start":{"line":37,"column":4},"end":{"line":44,"column":24}}},"fnMap":{"0":{"name":"(anonymous_0)","decl":{"start":{"line":5,"column":23},"end":{"line":5,"column":24}},"loc":{"start":{"line":5,"column":36},"end":{"line":10,"column":1}},"line":5},"1":{"name":"(anonymous_1)","decl":{"start":{"line":12,"column":23},"end":{"line":12,"column":24}},"loc":{"start":{"line":12,"column":30},"end":{"line":12,"column":83}},"line":12},"2":{"name":"(anonymous_2)","decl":{"start":{"line":14,"column":19},"end":{"line":14,"column":20}},"loc":{"start":{"line":14,"column":28},"end":{"line":17,"column":2}},"line":14},"3":{"name":"(anonymous_3)","decl":{"start":{"line":20,"column":7},"end":{"line":20,"column":8}},"loc":{"start":{"line":21,"column":4},"end":{"line":24,"column":24}},"line":21},"4":{"name":"(anonymous_4)","decl":{"start":{"line":26,"column":8},"end":{"line":26,"column":9}},"loc":{"start":{"line":27,"column":4},"end":{"line":34,"column":24}},"line":27},"5":{"name":"(anonymous_5)","decl":{"start":{"line":36,"column":7},"end":{"line":36,"column":8}},"loc":{"start":{"line":37,"column":4},"end":{"line":44,"column":24}},"line":37}},"branchMap":{"0":{"loc":{"start":{"line":12,"column":30},"end":{"line":12,"column":83}},"type":"cond-expr","locations":[{"start":{"line":12,"column":41},"end":{"line":12,"column":61}},{"start":{"line":12,"column":64},"end":{"line":12,"column":83}}],"line":12},"1":{"loc":{"start":{"line":20,"column":14},"end":{"line":20,"column":26}},"type":"default-arg","locations":[{"start":{"line":20,"column":24},"end":{"line":20,"column":26}}],"line":20},"2":{"loc":{"start":{"line":26,"column":15},"end":{"line":26,"column":24}},"type":"default-arg","locations":[{"start":{"line":26,"column":22},"end":{"line":26,"column":24}}],"line":26},"3":{"loc":{"start":{"line":26,"column":26},"end":{"line":26,"column":38}},"type":"default-arg","locations":[{"start":{"line":26,"column":36},"end":{"line":26,"column":38}}],"line":26},"4":{"loc":{"start":{"line":36,"column":14},"end":{"line":36,"column":23}},"type":"default-arg","locations":[{"start":{"line":36,"column":21},"end":{"line":36,"column":23}}],"line":36},"5":{"loc":{"start":{"line":36,"column":25},"end":{"line":36,"column":37}},"type":"default-arg","locations":[{"start":{"line":36,"column":35},"end":{"line":36,"column":37}}],"line":36}},"s":{"0":7,"1":1,"2":7,"3":0,"4":7,"5":0,"6":1,"7":0,"8":0},"f":{"0":1,"1":0,"2":0,"3":1,"4":0,"5":0},"b":{"0":[0,0],"1":[0],"2":[0],"3":[0],"4":[0],"5":[0]},"_coverageSchema":"332fd63041d2c1bcb487cc26dd0d5f7d97098a6c","hash":"5f3932acd19326069f59561454fe9d3932eed709"}
,"d:\\wip-mobile\\utils\\apiAssign.js": {"path":"d:\\wip-mobile\\utils\\apiAssign.js","statementMap":{"0":{"start":{"line":6,"column":4},"end":{"line":14,"column":5}},"1":{"start":{"line":7,"column":8},"end":{"line":7,"column":92}},"2":{"start":{"line":10,"column":8},"end":{"line":13,"column":9}},"3":{"start":{"line":11,"column":12},"end":{"line":11,"column":27}},"4":{"start":{"line":12,"column":12},"end":{"line":12,"column":96}},"5":{"start":{"line":15,"column":4},"end":{"line":15,"column":19}},"6":{"start":{"line":20,"column":4},"end":{"line":28,"column":5}},"7":{"start":{"line":21,"column":8},"end":{"line":21,"column":103}},"8":{"start":{"line":24,"column":8},"end":{"line":27,"column":9}},"9":{"start":{"line":25,"column":12},"end":{"line":25,"column":27}},"10":{"start":{"line":26,"column":12},"end":{"line":26,"column":107}},"11":{"start":{"line":29,"column":4},"end":{"line":29,"column":19}},"12":{"start":{"line":34,"column":4},"end":{"line":42,"column":5}},"13":{"start":{"line":35,"column":8},"end":{"line":35,"column":105}},"14":{"start":{"line":38,"column":8},"end":{"line":41,"column":9}},"15":{"start":{"line":39,"column":12},"end":{"line":39,"column":27}},"16":{"start":{"line":40,"column":12},"end":{"line":40,"column":109}},"17":{"start":{"line":43,"column":4},"end":{"line":43,"column":19}},"18":{"start":{"line":48,"column":4},"end":{"line":56,"column":5}},"19":{"start":{"line":49,"column":8},"end":{"line":49,"column":104}},"20":{"start":{"line":52,"column":8},"end":{"line":55,"column":9}},"21":{"start":{"line":53,"column":12},"end":{"line":53,"column":27}},"22":{"start":{"line":54,"column":12},"end":{"line":54,"column":108}},"23":{"start":{"line":57,"column":4},"end":{"line":57,"column":19}}},"fnMap":{"0":{"name":"get","decl":{"start":{"line":4,"column":22},"end":{"line":4,"column":25}},"loc":{"start":{"line":4,"column":30},"end":{"line":16,"column":1}},"line":4},"1":{"name":"getByProblemId","decl":{"start":{"line":18,"column":22},"end":{"line":18,"column":36}},"loc":{"start":{"line":18,"column":41},"end":{"line":30,"column":1}},"line":18},"2":{"name":"getByRoleTeamId","decl":{"start":{"line":32,"column":22},"end":{"line":32,"column":37}},"loc":{"start":{"line":32,"column":42},"end":{"line":44,"column":1}},"line":32},"3":{"name":"getByAssignedId","decl":{"start":{"line":46,"column":22},"end":{"line":46,"column":37}},"loc":{"start":{"line":46,"column":42},"end":{"line":58,"column":1}},"line":46}},"branchMap":{"0":{"loc":{"start":{"line":10,"column":8},"end":{"line":13,"column":9}},"type":"if","locations":[{"start":{"line":10,"column":8},"end":{"line":13,"column":9}},{"start":{"line":10,"column":8},"end":{"line":13,"column":9}}],"line":10},"1":{"loc":{"start":{"line":24,"column":8},"end":{"line":27,"column":9}},"type":"if","locations":[{"start":{"line":24,"column":8},"end":{"line":27,"column":9}},{"start":{"line":24,"column":8},"end":{"line":27,"column":9}}],"line":24},"2":{"loc":{"start":{"line":38,"column":8},"end":{"line":41,"column":9}},"type":"if","locations":[{"start":{"line":38,"column":8},"end":{"line":41,"column":9}},{"start":{"line":38,"column":8},"end":{"line":41,"column":9}}],"line":38},"3":{"loc":{"start":{"line":52,"column":8},"end":{"line":55,"column":9}},"type":"if","locations":[{"start":{"line":52,"column":8},"end":{"line":55,"column":9}},{"start":{"line":52,"column":8},"end":{"line":55,"column":9}}],"line":52}},"s":{"0":0,"1":0,"2":0,"3":0,"4":0,"5":0,"6":0,"7":0,"8":0,"9":0,"10":0,"11":0,"12":0,"13":0,"14":0,"15":0,"16":0,"17":0,"18":0,"19":0,"20":0,"21":0,"22":0,"23":0},"f":{"0":0,"1":0,"2":0,"3":0},"b":{"0":[0,0],"1":[0,0],"2":[0,0],"3":[0,0]},"_coverageSchema":"332fd63041d2c1bcb487cc26dd0d5f7d97098a6c","hash":"590dacd891e767947ec9a118c1ed9db53f71fad9"}
,"d:\\wip-mobile\\utils\\apiAuth.js": {"path":"d:\\wip-mobile\\utils\\apiAuth.js","statementMap":{"0":{"start":{"line":5,"column":20},"end":{"line":12,"column":1}},"1":{"start":{"line":6,"column":19},"end":{"line":9,"column":5}},"2":{"start":{"line":10,"column":19},"end":{"line":10,"column":64}},"3":{"start":{"line":11,"column":4},"end":{"line":11,"column":65}},"4":{"start":{"line":14,"column":23},"end":{"line":18,"column":1}},"5":{"start":{"line":15,"column":17},"end":{"line":15,"column":56}},"6":{"start":{"line":16,"column":20},"end":{"line":16,"column":62}},"7":{"start":{"line":17,"column":4},"end":{"line":17,"column":29}},"8":{"start":{"line":20,"column":24},"end":{"line":22,"column":1}},"9":{"start":{"line":21,"column":4},"end":{"line":21,"column":42}}},"fnMap":{"0":{"name":"(anonymous_0)","decl":{"start":{"line":5,"column":20},"end":{"line":5,"column":21}},"loc":{"start":{"line":5,"column":57},"end":{"line":12,"column":1}},"line":5},"1":{"name":"(anonymous_1)","decl":{"start":{"line":14,"column":23},"end":{"line":14,"column":24}},"loc":{"start":{"line":14,"column":35},"end":{"line":18,"column":1}},"line":14},"2":{"name":"(anonymous_2)","decl":{"start":{"line":20,"column":24},"end":{"line":20,"column":25}},"loc":{"start":{"line":21,"column":4},"end":{"line":21,"column":42}},"line":21}},"branchMap":{},"s":{"0":7,"1":0,"2":0,"3":0,"4":7,"5":0,"6":0,"7":0,"8":7,"9":1},"f":{"0":0,"1":0,"2":1},"b":{},"_coverageSchema":"332fd63041d2c1bcb487cc26dd0d5f7d97098a6c","hash":"19b59c55f86094d261e6ffeb44d291421bd491b6"}
,"d:\\wip-mobile\\utils\\apiPriority.js": {"path":"d:\\wip-mobile\\utils\\apiPriority.js","statementMap":{"0":{"start":{"line":6,"column":4},"end":{"line":14,"column":5}},"1":{"start":{"line":7,"column":8},"end":{"line":7,"column":89}},"2":{"start":{"line":10,"column":8},"end":{"line":13,"column":9}},"3":{"start":{"line":11,"column":12},"end":{"line":11,"column":27}},"4":{"start":{"line":12,"column":12},"end":{"line":12,"column":93}},"5":{"start":{"line":15,"column":4},"end":{"line":15,"column":19}}},"fnMap":{"0":{"name":"getAll","decl":{"start":{"line":4,"column":22},"end":{"line":4,"column":28}},"loc":{"start":{"line":4,"column":31},"end":{"line":16,"column":1}},"line":4}},"branchMap":{"0":{"loc":{"start":{"line":10,"column":8},"end":{"line":13,"column":9}},"type":"if","locations":[{"start":{"line":10,"column":8},"end":{"line":13,"column":9}},{"start":{"line":10,"column":8},"end":{"line":13,"column":9}}],"line":10}},"s":{"0":0,"1":0,"2":0,"3":0,"4":0,"5":0},"f":{"0":0},"b":{"0":[0,0]},"_coverageSchema":"332fd63041d2c1bcb487cc26dd0d5f7d97098a6c","hash":"947a787978ef3cca453190ae94ecb1e29d0b2681"}
,"d:\\wip-mobile\\utils\\apiProblem.js": {"path":"d:\\wip-mobile\\utils\\apiProblem.js","statementMap":{"0":{"start":{"line":6,"column":4},"end":{"line":14,"column":5}},"1":{"start":{"line":7,"column":8},"end":{"line":7,"column":88}},"2":{"start":{"line":10,"column":8},"end":{"line":13,"column":9}},"3":{"start":{"line":11,"column":12},"end":{"line":11,"column":27}},"4":{"start":{"line":12,"column":12},"end":{"line":12,"column":92}},"5":{"start":{"line":15,"column":4},"end":{"line":15,"column":19}},"6":{"start":{"line":20,"column":4},"end":{"line":28,"column":5}},"7":{"start":{"line":21,"column":8},"end":{"line":21,"column":93}},"8":{"start":{"line":24,"column":8},"end":{"line":27,"column":9}},"9":{"start":{"line":25,"column":12},"end":{"line":25,"column":27}},"10":{"start":{"line":26,"column":12},"end":{"line":26,"column":97}},"11":{"start":{"line":29,"column":4},"end":{"line":29,"column":19}},"12":{"start":{"line":34,"column":4},"end":{"line":42,"column":5}},"13":{"start":{"line":35,"column":8},"end":{"line":35,"column":95}},"14":{"start":{"line":38,"column":8},"end":{"line":41,"column":9}},"15":{"start":{"line":39,"column":12},"end":{"line":39,"column":27}},"16":{"start":{"line":40,"column":12},"end":{"line":40,"column":99}},"17":{"start":{"line":43,"column":4},"end":{"line":43,"column":19}},"18":{"start":{"line":48,"column":4},"end":{"line":55,"column":5}},"19":{"start":{"line":49,"column":8},"end":{"line":49,"column":99}},"20":{"start":{"line":51,"column":8},"end":{"line":54,"column":9}},"21":{"start":{"line":52,"column":12},"end":{"line":52,"column":27}},"22":{"start":{"line":53,"column":12},"end":{"line":53,"column":103}},"23":{"start":{"line":56,"column":4},"end":{"line":56,"column":19}}},"fnMap":{"0":{"name":"getAll","decl":{"start":{"line":4,"column":22},"end":{"line":4,"column":28}},"loc":{"start":{"line":4,"column":31},"end":{"line":16,"column":1}},"line":4},"1":{"name":"get","decl":{"start":{"line":18,"column":22},"end":{"line":18,"column":25}},"loc":{"start":{"line":18,"column":30},"end":{"line":30,"column":1}},"line":18},"2":{"name":"post","decl":{"start":{"line":32,"column":22},"end":{"line":32,"column":26}},"loc":{"start":{"line":32,"column":33},"end":{"line":44,"column":1}},"line":32},"3":{"name":"put","decl":{"start":{"line":46,"column":22},"end":{"line":46,"column":25}},"loc":{"start":{"line":46,"column":36},"end":{"line":57,"column":1}},"line":46}},"branchMap":{"0":{"loc":{"start":{"line":10,"column":8},"end":{"line":13,"column":9}},"type":"if","locations":[{"start":{"line":10,"column":8},"end":{"line":13,"column":9}},{"start":{"line":10,"column":8},"end":{"line":13,"column":9}}],"line":10},"1":{"loc":{"start":{"line":24,"column":8},"end":{"line":27,"column":9}},"type":"if","locations":[{"start":{"line":24,"column":8},"end":{"line":27,"column":9}},{"start":{"line":24,"column":8},"end":{"line":27,"column":9}}],"line":24},"2":{"loc":{"start":{"line":38,"column":8},"end":{"line":41,"column":9}},"type":"if","locations":[{"start":{"line":38,"column":8},"end":{"line":41,"column":9}},{"start":{"line":38,"column":8},"end":{"line":41,"column":9}}],"line":38},"3":{"loc":{"start":{"line":51,"column":8},"end":{"line":54,"column":9}},"type":"if","locations":[{"start":{"line":51,"column":8},"end":{"line":54,"column":9}},{"start":{"line":51,"column":8},"end":{"line":54,"column":9}}],"line":51}},"s":{"0":0,"1":0,"2":0,"3":0,"4":0,"5":0,"6":0,"7":0,"8":0,"9":0,"10":0,"11":0,"12":0,"13":0,"14":0,"15":0,"16":0,"17":0,"18":0,"19":0,"20":0,"21":0,"22":0,"23":0},"f":{"0":0,"1":0,"2":0,"3":0},"b":{"0":[0,0],"1":[0,0],"2":[0,0],"3":[0,0]},"_coverageSchema":"332fd63041d2c1bcb487cc26dd0d5f7d97098a6c","hash":"5d512f0a9bef0b6164941492037fa2ac21435a72"}
,"d:\\wip-mobile\\utils\\apiProblemType.js": {"path":"d:\\wip-mobile\\utils\\apiProblemType.js","statementMap":{"0":{"start":{"line":6,"column":4},"end":{"line":14,"column":5}},"1":{"start":{"line":7,"column":8},"end":{"line":7,"column":92}},"2":{"start":{"line":10,"column":8},"end":{"line":13,"column":9}},"3":{"start":{"line":11,"column":12},"end":{"line":11,"column":27}},"4":{"start":{"line":12,"column":12},"end":{"line":12,"column":96}},"5":{"start":{"line":15,"column":4},"end":{"line":15,"column":19}}},"fnMap":{"0":{"name":"getAll","decl":{"start":{"line":4,"column":22},"end":{"line":4,"column":28}},"loc":{"start":{"line":4,"column":31},"end":{"line":16,"column":1}},"line":4}},"branchMap":{"0":{"loc":{"start":{"line":10,"column":8},"end":{"line":13,"column":9}},"type":"if","locations":[{"start":{"line":10,"column":8},"end":{"line":13,"column":9}},{"start":{"line":10,"column":8},"end":{"line":13,"column":9}}],"line":10}},"s":{"0":1,"1":1,"2":0,"3":0,"4":0,"5":0},"f":{"0":1},"b":{"0":[0,0]},"_coverageSchema":"332fd63041d2c1bcb487cc26dd0d5f7d97098a6c","hash":"6ccd0529620f8d79c539e4cbc0b830108a985c4d"}
}
